#
# There is insufficient memory for the Java Runtime Environment to continue.
# Native memory allocation (malloc) failed to allocate 763696 bytes for Chunk::new
# Possible reasons:
#   The system is out of physical RAM or swap space
#   The process is running with CompressedOops enabled, and the Java Heap may be blocking the growth of the native heap
# Possible solutions:
#   Reduce memory load on the system
#   Increase physical memory or swap space
#   Check if swap backing store is full
#   Decrease Java heap size (-Xmx/-Xms)
#   Decrease number of Java threads
#   Decrease Java thread stack sizes (-Xss)
#   Set larger code cache with -XX:ReservedCodeCacheSize=
#   JVM is running with Unscaled Compressed Oops mode in which the Java heap is
#     placed in the first 4GB address space. The Java Heap base address is the
#     maximum limit for the native heap growth. Please use -XX:HeapBaseMinAddress
#     to set the Java Heap base and to place the Java Heap above 4GB virtual address.
# This output file may be truncated or incomplete.
#
#  Out of Memory Error (arena.cpp:184), pid=26936, tid=15672
#
# JRE version: Java(TM) SE Runtime Environment (20.0.1+9) (build 20.0.1+9-29)
# Java VM: Java HotSpot(TM) 64-Bit Server VM (20.0.1+9-29, mixed mode, sharing, tiered, compressed oops, compressed class ptrs, g1 gc, windows-amd64)
# No core dump will be written. Minidumps are not enabled by default on client versions of Windows
#

---------------  S U M M A R Y ------------

Command Line: --add-opens=java.base/java.util=ALL-UNNAMED --add-opens=java.base/java.lang=ALL-UNNAMED --add-opens=java.base/java.lang.invoke=ALL-UNNAMED --add-opens=java.prefs/java.util.prefs=ALL-UNNAMED --add-opens=java.base/java.nio.charset=ALL-UNNAMED --add-opens=java.base/java.net=ALL-UNNAMED --add-opens=java.base/java.util.concurrent.atomic=ALL-UNNAMED -Xmx2048m -Dfile.encoding=UTF-8 -Duser.country=CN -Duser.language=zh -Duser.variant -javaagent:D:\gradle\gradle-8.5\lib\agents\gradle-instrumentation-agent-8.5.jar org.gradle.launcher.daemon.bootstrap.GradleDaemon 8.5

Host: 12th Gen Intel(R) Core(TM) i7-12650H, 16 cores, 15G,  Windows 11 , 64 bit Build 22621 (10.0.22621.3374)
Time: Sat May 11 16:02:30 2024  Windows 11 , 64 bit Build 22621 (10.0.22621.3374) elapsed time: 5.870016 seconds (0d 0h 0m 5s)

---------------  T H R E A D  ---------------

Current thread (0x000002db61154fa0):  JavaThread "C2 CompilerThread0" daemon [_thread_in_native, id=15672, stack(0x000000f43bc00000,0x000000f43bd00000)]


Current CompileTask:
C2:   5870 7446       4       org.objectweb.asm.MethodWriter::computeAllFrames (510 bytes)

Stack: [0x000000f43bc00000,0x000000f43bd00000]
Native frames: (J=compiled Java code, j=interpreted, Vv=VM code, C=native code)
V  [jvm.dll+0x6bb95a]
V  [jvm.dll+0x8485fa]
V  [jvm.dll+0x84a1f5]
V  [jvm.dll+0x84a8f3]
V  [jvm.dll+0x280b0f]
V  [jvm.dll+0xc2b11]
V  [jvm.dll+0xc2e35]
V  [jvm.dll+0x3bb142]
V  [jvm.dll+0x3857f5]
V  [jvm.dll+0x384c6a]
V  [jvm.dll+0x24b259]
V  [jvm.dll+0x24a651]
V  [jvm.dll+0x1ce491]
V  [jvm.dll+0x259e1b]
V  [jvm.dll+0x2584f0]
V  [jvm.dll+0x3f2895]
V  [jvm.dll+0x7f4b56]
V  [jvm.dll+0x6ba5cb]
C  [ucrtbase.dll+0x29333]
C  [KERNEL32.DLL+0x1257d]
C  [ntdll.dll+0x5aa48]


---------------  P R O C E S S  ---------------

Threads class SMR info:
_java_thread_list=0x000002db665df5d0, length=79, elements={
0x000002db43ab7080, 0x000002db6114dfb0, 0x000002db6114e8c0, 0x000002db61150900,
0x000002db610b6fd0, 0x000002db610b4ff0, 0x000002db610b7520, 0x000002db61154fa0,
0x000002db61159110, 0x000002db61155970, 0x000002db610b4550, 0x000002db61155f00,
0x000002db61156a20, 0x000002db610b6a80, 0x000002db610b5fe0, 0x000002db610b5a90,
0x000002db610b6530, 0x000002db67103330, 0x000002db67105310, 0x000002db670fe8d0,
0x000002db670ffe10, 0x000002db670fd8e0, 0x000002db67102340, 0x000002db670fde30,
0x000002db67100360, 0x000002db670ff8c0, 0x000002db67100e00, 0x000002db67101df0,
0x000002db67104320, 0x000002db671008b0, 0x000002db67102890, 0x000002db670fe380,
0x000002db670ff370, 0x000002db67103880, 0x000002db67104870, 0x000002db67102de0,
0x000002db67103dd0, 0x000002db6944cff0, 0x000002db6944aac0, 0x000002db6944c000,
0x000002db6944b010, 0x000002db6944b560, 0x000002db6944c550, 0x000002db6944caa0,
0x000002db610b4000, 0x000002db6af3e770, 0x000002db6af3d780, 0x000002db6af3b7a0,
0x000002db6af3c790, 0x000002db6af3ecc0, 0x000002db6af3bcf0, 0x000002db6af3cce0,
0x000002db6af3c240, 0x000002db6af3dcd0, 0x000002db6af3e220, 0x000002db6c07b520,
0x000002db6c07cfb0, 0x000002db6c07ea40, 0x000002db6c07ef90, 0x000002db6c07d500,
0x000002db6c081a10, 0x000002db6c0814c0, 0x000002db6c07c510, 0x000002db6c07f4e0,
0x000002db6c07ca60, 0x000002db6c07fa30, 0x000002db6c07ff80, 0x000002db6c07da50,
0x000002db6c07e4f0, 0x000002db6c07bfc0, 0x000002db6c0804d0, 0x000002db6c07dfa0,
0x000002db6c080a20, 0x000002db6c081f60, 0x000002db6c07a530, 0x000002db6c07aa80,
0x000002db6c07afd0, 0x000002db6c07ba70, 0x000002db6ab63b30
}

Java Threads: ( => current thread )
  0x000002db43ab7080 JavaThread "main" [_thread_blocked, id=4000, stack(0x000000f43af00000,0x000000f43b000000)]
  0x000002db6114dfb0 JavaThread "Reference Handler" daemon [_thread_blocked, id=24372, stack(0x000000f43b600000,0x000000f43b700000)]
  0x000002db6114e8c0 JavaThread "Finalizer" daemon [_thread_blocked, id=14248, stack(0x000000f43b700000,0x000000f43b800000)]
  0x000002db61150900 JavaThread "Signal Dispatcher" daemon [_thread_blocked, id=21720, stack(0x000000f43b800000,0x000000f43b900000)]
  0x000002db610b6fd0 JavaThread "Attach Listener" daemon [_thread_blocked, id=25296, stack(0x000000f43b900000,0x000000f43ba00000)]
  0x000002db610b4ff0 JavaThread "Service Thread" daemon [_thread_blocked, id=21192, stack(0x000000f43ba00000,0x000000f43bb00000)]
  0x000002db610b7520 JavaThread "Monitor Deflation Thread" daemon [_thread_blocked, id=15052, stack(0x000000f43bb00000,0x000000f43bc00000)]
=>0x000002db61154fa0 JavaThread "C2 CompilerThread0" daemon [_thread_in_native, id=15672, stack(0x000000f43bc00000,0x000000f43bd00000)]
  0x000002db61159110 JavaThread "C1 CompilerThread0" daemon [_thread_in_native, id=11172, stack(0x000000f43bd00000,0x000000f43be00000)]
  0x000002db61155970 JavaThread "C1 CompilerThread1" daemon [_thread_blocked, id=1852, stack(0x000000f43be00000,0x000000f43bf00000)]
  0x000002db610b4550 JavaThread "Common-Cleaner" daemon [_thread_blocked, id=25704, stack(0x000000f43bf00000,0x000000f43c000000)]
  0x000002db61155f00 JavaThread "C1 CompilerThread2" daemon [_thread_blocked, id=26176, stack(0x000000f43c000000,0x000000f43c100000)]
  0x000002db61156a20 JavaThread "C1 CompilerThread3" daemon [_thread_blocked, id=12944, stack(0x000000f43c100000,0x000000f43c200000)]
  0x000002db610b6a80 JavaThread "Notification Thread" daemon [_thread_blocked, id=16852, stack(0x000000f43c200000,0x000000f43c300000)]
  0x000002db610b5fe0 JavaThread "Daemon health stats" [_thread_blocked, id=9428, stack(0x000000f43ca00000,0x000000f43cb00000)]
  0x000002db610b5a90 JavaThread "Incoming local TCP Connector on port 53930" [_thread_in_native, id=19484, stack(0x000000f43cb00000,0x000000f43cc00000)]
  0x000002db610b6530 JavaThread "Daemon periodic checks" [_thread_blocked, id=10768, stack(0x000000f43cc00000,0x000000f43cd00000)]
  0x000002db67103330 JavaThread "Daemon" [_thread_blocked, id=19368, stack(0x000000f43cd00000,0x000000f43ce00000)]
  0x000002db67105310 JavaThread "Handler for socket connection from /127.0.0.1:53930 to /127.0.0.1:53931" [_thread_in_native, id=25620, stack(0x000000f43ce00000,0x000000f43cf00000)]
  0x000002db670fe8d0 JavaThread "Cancel handler" [_thread_blocked, id=25736, stack(0x000000f43cf00000,0x000000f43d000000)]
  0x000002db670ffe10 JavaThread "Daemon worker" [_thread_in_vm, id=14124, stack(0x000000f43d000000,0x000000f43d100000)]
  0x000002db670fd8e0 JavaThread "Asynchronous log dispatcher for DefaultDaemonConnection: socket connection from /127.0.0.1:53930 to /127.0.0.1:53931" [_thread_blocked, id=23160, stack(0x000000f43d100000,0x000000f43d200000)]
  0x000002db67102340 JavaThread "Stdin handler" [_thread_blocked, id=26496, stack(0x000000f43d200000,0x000000f43d300000)]
  0x000002db670fde30 JavaThread "Daemon client event forwarder" [_thread_blocked, id=21196, stack(0x000000f43d300000,0x000000f43d400000)]
  0x000002db67100360 JavaThread "Cache worker for journal cache (D:\gradle\repository\caches\journal-1)" [_thread_blocked, id=5464, stack(0x000000f43d400000,0x000000f43d500000)]
  0x000002db670ff8c0 JavaThread "File lock request listener" [_thread_in_native, id=26708, stack(0x000000f43d500000,0x000000f43d600000)]
  0x000002db67100e00 JavaThread "Cache worker for file hash cache (D:\gradle\repository\caches\8.5\fileHashes)" [_thread_blocked, id=7968, stack(0x000000f43d700000,0x000000f43d800000)]
  0x000002db67101df0 JavaThread "File watcher server" daemon [_thread_in_native, id=15364, stack(0x000000f43e200000,0x000000f43e300000)]
  0x000002db67104320 JavaThread "File watcher consumer" daemon [_thread_blocked, id=4700, stack(0x000000f43e300000,0x000000f43e400000)]
  0x000002db671008b0 JavaThread "Cache worker for checksums cache (D:\p\takeoutApp\.gradle\8.5\checksums)" [_thread_blocked, id=27108, stack(0x000000f43e400000,0x000000f43e500000)]
  0x000002db67102890 JavaThread "Cache worker for file hash cache (D:\p\takeoutApp\.gradle\8.5\fileHashes)" [_thread_blocked, id=3204, stack(0x000000f43e500000,0x000000f43e600000)]
  0x000002db670fe380 JavaThread "Cache worker for cache directory md-supplier (D:\gradle\repository\caches\8.5\md-supplier)" [_thread_blocked, id=8728, stack(0x000000f43e600000,0x000000f43e700000)]
  0x000002db670ff370 JavaThread "Cache worker for cache directory md-rule (D:\gradle\repository\caches\8.5\md-rule)" [_thread_blocked, id=21912, stack(0x000000f43e700000,0x000000f43e800000)]
  0x000002db67103880 JavaThread "Cache worker for file content cache (D:\gradle\repository\caches\8.5\fileContent)" [_thread_blocked, id=10536, stack(0x000000f43e800000,0x000000f43e900000)]
  0x000002db67104870 JavaThread "Cache worker for execution history cache (D:\gradle\repository\caches\8.5\executionHistory)" [_thread_blocked, id=26744, stack(0x000000f43e900000,0x000000f43ea00000)]
  0x000002db67102de0 JavaThread "jar transforms" [_thread_blocked, id=27220, stack(0x000000f43ea00000,0x000000f43eb00000)]
  0x000002db67103dd0 JavaThread "jar transforms Thread 2" [_thread_blocked, id=26868, stack(0x000000f43eb00000,0x000000f43ec00000)]
  0x000002db6944cff0 JavaThread "jar transforms Thread 3" [_thread_blocked, id=2580, stack(0x000000f43ed00000,0x000000f43ee00000)]
  0x000002db6944aac0 JavaThread "jar transforms Thread 4" [_thread_blocked, id=4248, stack(0x000000f43ee00000,0x000000f43ef00000)]
  0x000002db6944c000 JavaThread "Cache worker for kotlin-dsl (D:\gradle\repository\caches\8.5\kotlin-dsl)" [_thread_blocked, id=4044, stack(0x000000f43ef00000,0x000000f43f000000)]
  0x000002db6944b010 JavaThread "jar transforms Thread 5" [_thread_blocked, id=16760, stack(0x000000f43f000000,0x000000f43f100000)]
  0x000002db6944b560 JavaThread "jar transforms Thread 6" [_thread_blocked, id=17388, stack(0x000000f43f100000,0x000000f43f200000)]
  0x000002db6944c550 JavaThread "jar transforms Thread 7" [_thread_blocked, id=20332, stack(0x000000f43f200000,0x000000f43f300000)]
  0x000002db6944caa0 JavaThread "jar transforms Thread 8" [_thread_blocked, id=5752, stack(0x000000f43f300000,0x000000f43f400000)]
  0x000002db610b4000 JavaThread "Cache worker for dependencies-accessors (D:\p\takeoutApp\.gradle\8.5\dependencies-accessors)" [_thread_blocked, id=10644, stack(0x000000f43f400000,0x000000f43f500000)]
  0x000002db6af3e770 JavaThread "Cache worker for Build Output Cleanup Cache (D:\p\takeoutApp\.gradle\buildOutputCleanup)" [_thread_blocked, id=24692, stack(0x000000f43f500000,0x000000f43f600000)]
  0x000002db6af3d780 JavaThread "jar transforms Thread 9" [_thread_blocked, id=23216, stack(0x000000f43f600000,0x000000f43f700000)]
  0x000002db6af3b7a0 JavaThread "jar transforms Thread 10" [_thread_blocked, id=22848, stack(0x000000f43f700000,0x000000f43f800000)]
  0x000002db6af3c790 JavaThread "Unconstrained build operations" [_thread_blocked, id=4732, stack(0x000000f43f800000,0x000000f43f900000)]
  0x000002db6af3ecc0 JavaThread "Unconstrained build operations Thread 2" [_thread_blocked, id=6940, stack(0x000000f43f900000,0x000000f43fa00000)]
  0x000002db6af3bcf0 JavaThread "Unconstrained build operations Thread 3" [_thread_blocked, id=12788, stack(0x000000f43fa00000,0x000000f43fb00000)]
  0x000002db6af3cce0 JavaThread "Unconstrained build operations Thread 4" [_thread_blocked, id=2604, stack(0x000000f43fb00000,0x000000f43fc00000)]
  0x000002db6af3c240 JavaThread "Unconstrained build operations Thread 5" [_thread_blocked, id=7240, stack(0x000000f43fc00000,0x000000f43fd00000)]
  0x000002db6af3dcd0 JavaThread "Unconstrained build operations Thread 6" [_thread_blocked, id=15148, stack(0x000000f43fd00000,0x000000f43fe00000)]
  0x000002db6af3e220 JavaThread "Unconstrained build operations Thread 7" [_thread_blocked, id=8784, stack(0x000000f43fe00000,0x000000f43ff00000)]
  0x000002db6c07b520 JavaThread "Unconstrained build operations Thread 8" [_thread_blocked, id=22376, stack(0x000000f43ff00000,0x000000f440000000)]
  0x000002db6c07cfb0 JavaThread "Unconstrained build operations Thread 9" [_thread_blocked, id=25336, stack(0x000000f440000000,0x000000f440100000)]
  0x000002db6c07ea40 JavaThread "Unconstrained build operations Thread 10" [_thread_blocked, id=24024, stack(0x000000f440100000,0x000000f440200000)]
  0x000002db6c07ef90 JavaThread "Unconstrained build operations Thread 11" [_thread_blocked, id=27176, stack(0x000000f440200000,0x000000f440300000)]
  0x000002db6c07d500 JavaThread "Unconstrained build operations Thread 12" [_thread_blocked, id=15404, stack(0x000000f440300000,0x000000f440400000)]
  0x000002db6c081a10 JavaThread "Unconstrained build operations Thread 13" [_thread_blocked, id=16824, stack(0x000000f440400000,0x000000f440500000)]
  0x000002db6c0814c0 JavaThread "Unconstrained build operations Thread 14" [_thread_blocked, id=25048, stack(0x000000f440500000,0x000000f440600000)]
  0x000002db6c07c510 JavaThread "Unconstrained build operations Thread 15" [_thread_blocked, id=1844, stack(0x000000f440600000,0x000000f440700000)]
  0x000002db6c07f4e0 JavaThread "jar transforms Thread 11" [_thread_blocked, id=18872, stack(0x000000f440700000,0x000000f440800000)]
  0x000002db6c07ca60 JavaThread "jar transforms Thread 12" [_thread_blocked, id=23904, stack(0x000000f440800000,0x000000f440900000)]
  0x000002db6c07fa30 JavaThread "jar transforms Thread 13" [_thread_blocked, id=14536, stack(0x000000f440900000,0x000000f440a00000)]
  0x000002db6c07ff80 JavaThread "jar transforms Thread 14" [_thread_blocked, id=23920, stack(0x000000f440a00000,0x000000f440b00000)]
  0x000002db6c07da50 JavaThread "jar transforms Thread 15" [_thread_blocked, id=2040, stack(0x000000f440b00000,0x000000f440c00000)]
  0x000002db6c07e4f0 JavaThread "jar transforms Thread 16" [_thread_blocked, id=6640, stack(0x000000f440c00000,0x000000f440d00000)]
  0x000002db6c07bfc0 JavaThread "Unconstrained build operations Thread 16" [_thread_blocked, id=15196, stack(0x000000f43ec00000,0x000000f43ed00000)]
  0x000002db6c0804d0 JavaThread "Unconstrained build operations Thread 17" [_thread_blocked, id=10856, stack(0x000000f440d00000,0x000000f440e00000)]
  0x000002db6c07dfa0 JavaThread "Unconstrained build operations Thread 18" [_thread_blocked, id=23132, stack(0x000000f440e00000,0x000000f440f00000)]
  0x000002db6c080a20 JavaThread "Unconstrained build operations Thread 19" [_thread_blocked, id=17456, stack(0x000000f440f00000,0x000000f441000000)]
  0x000002db6c081f60 JavaThread "Unconstrained build operations Thread 20" [_thread_blocked, id=11552, stack(0x000000f441000000,0x000000f441100000)]
  0x000002db6c07a530 JavaThread "Unconstrained build operations Thread 21" [_thread_blocked, id=412, stack(0x000000f441100000,0x000000f441200000)]
  0x000002db6c07aa80 JavaThread "Unconstrained build operations Thread 22" [_thread_blocked, id=3400, stack(0x000000f441200000,0x000000f441300000)]
  0x000002db6c07afd0 JavaThread "Unconstrained build operations Thread 23" [_thread_blocked, id=26688, stack(0x000000f441300000,0x000000f441400000)]
  0x000002db6c07ba70 JavaThread "build event listener" [_thread_blocked, id=6864, stack(0x000000f43c400000,0x000000f43c500000)]
  0x000002db6ab63b30 JavaThread "C2 CompilerThread1" daemon [_thread_in_native, id=16728, stack(0x000000f43d600000,0x000000f43d700000)]

Other Threads:
  0x000002db6109b020 VMThread "VM Thread" [stack: 0x000000f43b500000,0x000000f43b600000] [id=24020]
  0x000002db61403360 WatcherThread "VM Periodic Task Thread" [stack: 0x000000f43c300000,0x000000f43c400000] [id=25328]
  0x000002db43b15a90 WorkerThread "GC Thread#0" [stack: 0x000000f43b000000,0x000000f43b100000] [id=1500]
  0x000002db6141b9b0 WorkerThread "GC Thread#1" [stack: 0x000000f43c500000,0x000000f43c600000] [id=14172]
  0x000002db6141a8d0 WorkerThread "GC Thread#2" [stack: 0x000000f43c600000,0x000000f43c700000] [id=21780]
  0x000002db6141b6e0 WorkerThread "GC Thread#3" [stack: 0x000000f43c700000,0x000000f43c800000] [id=26980]
  0x000002db6141bc80 WorkerThread "GC Thread#4" [stack: 0x000000f43c800000,0x000000f43c900000] [id=4864]
  0x000002db6141aba0 WorkerThread "GC Thread#5" [stack: 0x000000f43c900000,0x000000f43ca00000] [id=12184]
  0x000002db66ded2f0 WorkerThread "GC Thread#6" [stack: 0x000000f43d900000,0x000000f43da00000] [id=9972]
  0x000002db66debc70 WorkerThread "GC Thread#7" [stack: 0x000000f43da00000,0x000000f43db00000] [id=23004]
  0x000002db66dede30 WorkerThread "GC Thread#8" [stack: 0x000000f43db00000,0x000000f43dc00000] [id=9356]
  0x000002db66dee100 WorkerThread "GC Thread#9" [stack: 0x000000f43dc00000,0x000000f43dd00000] [id=24956]
  0x000002db66dee3d0 WorkerThread "GC Thread#10" [stack: 0x000000f43dd00000,0x000000f43de00000] [id=23620]
  0x000002db66def1e0 WorkerThread "GC Thread#11" [stack: 0x000000f43de00000,0x000000f43df00000] [id=15056]
  0x000002db66deb6d0 WorkerThread "GC Thread#12" [stack: 0x000000f43df00000,0x000000f43e000000] [id=3700]
  0x000002db43b261c0 ConcurrentGCThread "G1 Main Marker" [stack: 0x000000f43b100000,0x000000f43b200000] [id=25264]
  0x000002db43b26bf0 WorkerThread "G1 Conc#0" [stack: 0x000000f43b200000,0x000000f43b300000] [id=26724]
  0x000002db66dee6a0 WorkerThread "G1 Conc#1" [stack: 0x000000f43e000000,0x000000f43e100000] [id=6136]
  0x000002db66debf40 WorkerThread "G1 Conc#2" [stack: 0x000000f43e100000,0x000000f43e200000] [id=21624]
  0x000002db60f9d0d0 ConcurrentGCThread "G1 Refine#0" [stack: 0x000000f43b300000,0x000000f43b400000] [id=25488]
  0x000002db60f9da80 ConcurrentGCThread "G1 Service" [stack: 0x000000f43b400000,0x000000f43b500000] [id=20120]

Threads with active compile tasks:
C2 CompilerThread0     5900 7446       4       org.objectweb.asm.MethodWriter::computeAllFrames (510 bytes)
C1 CompilerThread0     5900 7618       3       org.gradle.api.internal.provider.DefaultValueSourceProviderFactory$ValueSourceProvider::calculateOwnValue (14 bytes)
C2 CompilerThread1     5900 7542   !   4       com.google.common.reflect.TypeVisitor::visit (225 bytes)

VM state: not at safepoint (normal execution)

VM Mutex/Monitor currently owned by a thread:  ([mutex/lock_event])
[0x000002db43ab1b60] Metaspace_lock - owner thread: 0x000002db670ffe10

Heap address: 0x0000000080000000, size: 2048 MB, Compressed Oops mode: 32-bit

CDS archive(s) mapped at: [0x0000000800000000-0x0000000800c60000-0x0000000800c60000), size 12976128, SharedBaseAddress: 0x0000000800000000, ArchiveRelocationMode: 0.
Compressed class space mapped at: 0x0000000801000000-0x0000000841000000, reserved size: 1073741824
Narrow klass base: 0x0000000800000000, Narrow klass shift: 0, Narrow klass range: 0x100000000

GC Precious Log:
 CardTable entry size: 512
 Card Set container configuration: InlinePtr #cards 5 size 8 Array Of Cards #cards 12 size 40 Howl #buckets 4 coarsen threshold 1843 Howl Bitmap #cards 512 size 80 coarsen threshold 460 Card regions per heap region 1 cards per card region 2048
 CPUs: 16 total, 16 available
 Memory: 16115M
 Large Page Support: Disabled
 NUMA Support: Disabled
 Compressed Oops: Enabled (32-bit)
 Heap Region Size: 1M
 Heap Min Capacity: 8M
 Heap Initial Capacity: 252M
 Heap Max Capacity: 2G
 Pre-touch: Disabled
 Parallel Workers: 13
 Concurrent Workers: 3
 Concurrent Refinement Workers: 13
 Periodic GC: Disabled

Heap:
 garbage-first heap   total 136192K, used 112509K [0x0000000080000000, 0x0000000100000000)
  region size 1024K, 57 young (58368K), 9 survivors (9216K)
 Metaspace       used 54766K, committed 56512K, reserved 1114112K
  class space    used 7573K, committed 8448K, reserved 1048576K

Heap Regions: E=young(eden), S=young(survivor), O=old, HS=humongous(starts), HC=humongous(continues), CS=collection set, F=free, OA=open archive, CA=closed archive, TAMS=top-at-mark-start, PB=parsable bottom
|   0|0x0000000080000000, 0x0000000080100000, 0x0000000080100000|100%|HS|  |TAMS 0x0000000080000000| PB 0x0000000080000000| Complete 
|   1|0x0000000080100000, 0x0000000080200000, 0x0000000080200000|100%|HC|  |TAMS 0x0000000080100000| PB 0x0000000080100000| Complete 
|   2|0x0000000080200000, 0x0000000080300000, 0x0000000080300000|100%|HC|  |TAMS 0x0000000080200000| PB 0x0000000080200000| Complete 
|   3|0x0000000080300000, 0x0000000080400000, 0x0000000080400000|100%|HC|  |TAMS 0x0000000080300000| PB 0x0000000080300000| Complete 
|   4|0x0000000080400000, 0x0000000080500000, 0x0000000080500000|100%| O|  |TAMS 0x0000000080400000| PB 0x0000000080400000| Untracked 
|   5|0x0000000080500000, 0x0000000080600000, 0x0000000080600000|100%| O|  |TAMS 0x0000000080500000| PB 0x0000000080500000| Untracked 
|   6|0x0000000080600000, 0x0000000080700000, 0x0000000080700000|100%| O|  |TAMS 0x0000000080600000| PB 0x0000000080600000| Untracked 
|   7|0x0000000080700000, 0x0000000080800000, 0x0000000080800000|100%| O|  |TAMS 0x0000000080700000| PB 0x0000000080700000| Untracked 
|   8|0x0000000080800000, 0x0000000080900000, 0x0000000080900000|100%| O|  |TAMS 0x0000000080800000| PB 0x0000000080800000| Untracked 
|   9|0x0000000080900000, 0x0000000080a00000, 0x0000000080a00000|100%| O|  |TAMS 0x0000000080900000| PB 0x0000000080900000| Untracked 
|  10|0x0000000080a00000, 0x0000000080b00000, 0x0000000080b00000|100%| O|  |TAMS 0x0000000080a00000| PB 0x0000000080a00000| Untracked 
|  11|0x0000000080b00000, 0x0000000080c00000, 0x0000000080c00000|100%| O|  |TAMS 0x0000000080b00000| PB 0x0000000080b00000| Untracked 
|  12|0x0000000080c00000, 0x0000000080d00000, 0x0000000080d00000|100%| O|  |TAMS 0x0000000080c00000| PB 0x0000000080c00000| Untracked 
|  13|0x0000000080d00000, 0x0000000080e00000, 0x0000000080e00000|100%| O|  |TAMS 0x0000000080d00000| PB 0x0000000080d00000| Untracked 
|  14|0x0000000080e00000, 0x0000000080f00000, 0x0000000080f00000|100%| O|  |TAMS 0x0000000080e00000| PB 0x0000000080e00000| Untracked 
|  15|0x0000000080f00000, 0x0000000081000000, 0x0000000081000000|100%| O|  |TAMS 0x0000000080f00000| PB 0x0000000080f00000| Untracked 
|  16|0x0000000081000000, 0x0000000081100000, 0x0000000081100000|100%| O|  |TAMS 0x0000000081000000| PB 0x0000000081000000| Untracked 
|  17|0x0000000081100000, 0x0000000081200000, 0x0000000081200000|100%| O|  |TAMS 0x0000000081100000| PB 0x0000000081100000| Untracked 
|  18|0x0000000081200000, 0x0000000081300000, 0x0000000081300000|100%|HS|  |TAMS 0x0000000081200000| PB 0x0000000081200000| Complete 
|  19|0x0000000081300000, 0x0000000081400000, 0x0000000081400000|100%| O|  |TAMS 0x0000000081300000| PB 0x0000000081300000| Untracked 
|  20|0x0000000081400000, 0x0000000081500000, 0x0000000081500000|100%| O|  |TAMS 0x0000000081400000| PB 0x0000000081400000| Untracked 
|  21|0x0000000081500000, 0x0000000081600000, 0x0000000081600000|100%| O|  |TAMS 0x0000000081500000| PB 0x0000000081500000| Untracked 
|  22|0x0000000081600000, 0x0000000081700000, 0x0000000081700000|100%| O|  |TAMS 0x0000000081600000| PB 0x0000000081600000| Untracked 
|  23|0x0000000081700000, 0x0000000081800000, 0x0000000081800000|100%| O|  |TAMS 0x0000000081700000| PB 0x0000000081700000| Untracked 
|  24|0x0000000081800000, 0x0000000081900000, 0x0000000081900000|100%| O|  |TAMS 0x0000000081800000| PB 0x0000000081800000| Untracked 
|  25|0x0000000081900000, 0x0000000081a00000, 0x0000000081a00000|100%| O|  |TAMS 0x0000000081900000| PB 0x0000000081900000| Untracked 
|  26|0x0000000081a00000, 0x0000000081b00000, 0x0000000081b00000|100%|HS|  |TAMS 0x0000000081a00000| PB 0x0000000081a00000| Complete 
|  27|0x0000000081b00000, 0x0000000081c00000, 0x0000000081c00000|100%|HS|  |TAMS 0x0000000081b00000| PB 0x0000000081b00000| Complete 
|  28|0x0000000081c00000, 0x0000000081d00000, 0x0000000081d00000|100%|HC|  |TAMS 0x0000000081c00000| PB 0x0000000081c00000| Complete 
|  29|0x0000000081d00000, 0x0000000081e00000, 0x0000000081e00000|100%|HS|  |TAMS 0x0000000081d00000| PB 0x0000000081d00000| Complete 
|  30|0x0000000081e00000, 0x0000000081e00000, 0x0000000081f00000|  0%| F|  |TAMS 0x0000000081e00000| PB 0x0000000081e00000| Untracked 
|  31|0x0000000081f00000, 0x0000000082000000, 0x0000000082000000|100%|HS|  |TAMS 0x0000000081f00000| PB 0x0000000081f00000| Complete 
|  32|0x0000000082000000, 0x0000000082100000, 0x0000000082100000|100%|HC|  |TAMS 0x0000000082000000| PB 0x0000000082000000| Complete 
|  33|0x0000000082100000, 0x0000000082100000, 0x0000000082200000|  0%| F|  |TAMS 0x0000000082100000| PB 0x0000000082100000| Untracked 
|  34|0x0000000082200000, 0x0000000082200000, 0x0000000082300000|  0%| F|  |TAMS 0x0000000082200000| PB 0x0000000082200000| Untracked 
|  35|0x0000000082300000, 0x0000000082400000, 0x0000000082400000|100%|HS|  |TAMS 0x0000000082300000| PB 0x0000000082300000| Complete 
|  36|0x0000000082400000, 0x0000000082500000, 0x0000000082500000|100%|HC|  |TAMS 0x0000000082400000| PB 0x0000000082400000| Complete 
|  37|0x0000000082500000, 0x0000000082600000, 0x0000000082600000|100%|HC|  |TAMS 0x0000000082500000| PB 0x0000000082500000| Complete 
|  38|0x0000000082600000, 0x0000000082700000, 0x0000000082700000|100%|HC|  |TAMS 0x0000000082600000| PB 0x0000000082600000| Complete 
|  39|0x0000000082700000, 0x0000000082800000, 0x0000000082800000|100%|HS|  |TAMS 0x0000000082700000| PB 0x0000000082700000| Complete 
|  40|0x0000000082800000, 0x0000000082800000, 0x0000000082900000|  0%| F|  |TAMS 0x0000000082800000| PB 0x0000000082800000| Untracked 
|  41|0x0000000082900000, 0x0000000082900000, 0x0000000082a00000|  0%| F|  |TAMS 0x0000000082900000| PB 0x0000000082900000| Untracked 
|  42|0x0000000082a00000, 0x0000000082a00000, 0x0000000082b00000|  0%| F|  |TAMS 0x0000000082a00000| PB 0x0000000082a00000| Untracked 
|  43|0x0000000082b00000, 0x0000000082b00000, 0x0000000082c00000|  0%| F|  |TAMS 0x0000000082b00000| PB 0x0000000082b00000| Untracked 
|  44|0x0000000082c00000, 0x0000000082c00000, 0x0000000082d00000|  0%| F|  |TAMS 0x0000000082c00000| PB 0x0000000082c00000| Untracked 
|  45|0x0000000082d00000, 0x0000000082d00000, 0x0000000082e00000|  0%| F|  |TAMS 0x0000000082d00000| PB 0x0000000082d00000| Untracked 
|  46|0x0000000082e00000, 0x0000000082e00000, 0x0000000082f00000|  0%| F|  |TAMS 0x0000000082e00000| PB 0x0000000082e00000| Untracked 
|  47|0x0000000082f00000, 0x0000000083000000, 0x0000000083000000|100%|HS|  |TAMS 0x0000000082f00000| PB 0x0000000082f00000| Complete 
|  48|0x0000000083000000, 0x0000000083100000, 0x0000000083100000|100%| O|  |TAMS 0x0000000083000000| PB 0x0000000083000000| Untracked 
|  49|0x0000000083100000, 0x0000000083200000, 0x0000000083200000|100%| S|CS|TAMS 0x0000000083100000| PB 0x0000000083100000| Complete 
|  50|0x0000000083200000, 0x0000000083300000, 0x0000000083300000|100%| S|CS|TAMS 0x0000000083200000| PB 0x0000000083200000| Complete 
|  51|0x0000000083300000, 0x0000000083300000, 0x0000000083400000|  0%| F|  |TAMS 0x0000000083300000| PB 0x0000000083300000| Untracked 
|  52|0x0000000083400000, 0x0000000083400000, 0x0000000083500000|  0%| F|  |TAMS 0x0000000083400000| PB 0x0000000083400000| Untracked 
|  53|0x0000000083500000, 0x0000000083500000, 0x0000000083600000|  0%| F|  |TAMS 0x0000000083500000| PB 0x0000000083500000| Untracked 
|  54|0x0000000083600000, 0x0000000083600000, 0x0000000083700000|  0%| F|  |TAMS 0x0000000083600000| PB 0x0000000083600000| Untracked 
|  55|0x0000000083700000, 0x0000000083700000, 0x0000000083800000|  0%| F|  |TAMS 0x0000000083700000| PB 0x0000000083700000| Untracked 
|  56|0x0000000083800000, 0x0000000083800000, 0x0000000083900000|  0%| F|  |TAMS 0x0000000083800000| PB 0x0000000083800000| Untracked 
|  57|0x0000000083900000, 0x0000000083900000, 0x0000000083a00000|  0%| F|  |TAMS 0x0000000083900000| PB 0x0000000083900000| Untracked 
|  58|0x0000000083a00000, 0x0000000083a00000, 0x0000000083b00000|  0%| F|  |TAMS 0x0000000083a00000| PB 0x0000000083a00000| Untracked 
|  59|0x0000000083b00000, 0x0000000083b00000, 0x0000000083c00000|  0%| F|  |TAMS 0x0000000083b00000| PB 0x0000000083b00000| Untracked 
|  60|0x0000000083c00000, 0x0000000083c00000, 0x0000000083d00000|  0%| F|  |TAMS 0x0000000083c00000| PB 0x0000000083c00000| Untracked 
|  61|0x0000000083d00000, 0x0000000083d00000, 0x0000000083e00000|  0%| F|  |TAMS 0x0000000083d00000| PB 0x0000000083d00000| Untracked 
|  62|0x0000000083e00000, 0x0000000083e00000, 0x0000000083f00000|  0%| F|  |TAMS 0x0000000083e00000| PB 0x0000000083e00000| Untracked 
|  63|0x0000000083f00000, 0x0000000083f88ee0, 0x0000000084000000| 53%| E|  |TAMS 0x0000000083f00000| PB 0x0000000083f00000| Complete 
|  64|0x0000000084000000, 0x0000000084100000, 0x0000000084100000|100%| E|CS|TAMS 0x0000000084000000| PB 0x0000000084000000| Complete 
|  65|0x0000000084100000, 0x0000000084200000, 0x0000000084200000|100%| E|CS|TAMS 0x0000000084100000| PB 0x0000000084100000| Complete 
|  66|0x0000000084200000, 0x0000000084300000, 0x0000000084300000|100%| E|CS|TAMS 0x0000000084200000| PB 0x0000000084200000| Complete 
|  67|0x0000000084300000, 0x0000000084400000, 0x0000000084400000|100%| E|CS|TAMS 0x0000000084300000| PB 0x0000000084300000| Complete 
|  68|0x0000000084400000, 0x0000000084500000, 0x0000000084500000|100%| E|CS|TAMS 0x0000000084400000| PB 0x0000000084400000| Complete 
|  69|0x0000000084500000, 0x0000000084600000, 0x0000000084600000|100%| E|CS|TAMS 0x0000000084500000| PB 0x0000000084500000| Complete 
|  70|0x0000000084600000, 0x0000000084700000, 0x0000000084700000|100%| E|CS|TAMS 0x0000000084600000| PB 0x0000000084600000| Complete 
|  71|0x0000000084700000, 0x0000000084800000, 0x0000000084800000|100%| E|CS|TAMS 0x0000000084700000| PB 0x0000000084700000| Complete 
|  72|0x0000000084800000, 0x0000000084900000, 0x0000000084900000|100%| E|CS|TAMS 0x0000000084800000| PB 0x0000000084800000| Complete 
|  73|0x0000000084900000, 0x0000000084a00000, 0x0000000084a00000|100%| E|CS|TAMS 0x0000000084900000| PB 0x0000000084900000| Complete 
|  74|0x0000000084a00000, 0x0000000084b00000, 0x0000000084b00000|100%| E|CS|TAMS 0x0000000084a00000| PB 0x0000000084a00000| Complete 
|  75|0x0000000084b00000, 0x0000000084c00000, 0x0000000084c00000|100%| E|CS|TAMS 0x0000000084b00000| PB 0x0000000084b00000| Complete 
|  76|0x0000000084c00000, 0x0000000084d00000, 0x0000000084d00000|100%| E|CS|TAMS 0x0000000084c00000| PB 0x0000000084c00000| Complete 
|  77|0x0000000084d00000, 0x0000000084e00000, 0x0000000084e00000|100%| E|CS|TAMS 0x0000000084d00000| PB 0x0000000084d00000| Complete 
|  78|0x0000000084e00000, 0x0000000084f00000, 0x0000000084f00000|100%| E|CS|TAMS 0x0000000084e00000| PB 0x0000000084e00000| Complete 
|  79|0x0000000084f00000, 0x0000000085000000, 0x0000000085000000|100%| E|CS|TAMS 0x0000000084f00000| PB 0x0000000084f00000| Complete 
|  80|0x0000000085000000, 0x0000000085100000, 0x0000000085100000|100%| E|CS|TAMS 0x0000000085000000| PB 0x0000000085000000| Complete 
|  81|0x0000000085100000, 0x0000000085200000, 0x0000000085200000|100%| E|CS|TAMS 0x0000000085100000| PB 0x0000000085100000| Complete 
|  82|0x0000000085200000, 0x0000000085300000, 0x0000000085300000|100%| E|CS|TAMS 0x0000000085200000| PB 0x0000000085200000| Complete 
|  83|0x0000000085300000, 0x0000000085400000, 0x0000000085400000|100%| E|CS|TAMS 0x0000000085300000| PB 0x0000000085300000| Complete 
|  84|0x0000000085400000, 0x0000000085500000, 0x0000000085500000|100%| E|CS|TAMS 0x0000000085400000| PB 0x0000000085400000| Complete 
|  85|0x0000000085500000, 0x0000000085600000, 0x0000000085600000|100%| E|CS|TAMS 0x0000000085500000| PB 0x0000000085500000| Complete 
|  86|0x0000000085600000, 0x0000000085700000, 0x0000000085700000|100%| E|CS|TAMS 0x0000000085600000| PB 0x0000000085600000| Complete 
|  87|0x0000000085700000, 0x0000000085800000, 0x0000000085800000|100%| E|CS|TAMS 0x0000000085700000| PB 0x0000000085700000| Complete 
|  88|0x0000000085800000, 0x0000000085900000, 0x0000000085900000|100%| E|CS|TAMS 0x0000000085800000| PB 0x0000000085800000| Complete 
|  89|0x0000000085900000, 0x0000000085a00000, 0x0000000085a00000|100%| E|CS|TAMS 0x0000000085900000| PB 0x0000000085900000| Complete 
|  90|0x0000000085a00000, 0x0000000085b00000, 0x0000000085b00000|100%| E|CS|TAMS 0x0000000085a00000| PB 0x0000000085a00000| Complete 
|  91|0x0000000085b00000, 0x0000000085c00000, 0x0000000085c00000|100%| E|CS|TAMS 0x0000000085b00000| PB 0x0000000085b00000| Complete 
|  92|0x0000000085c00000, 0x0000000085d00000, 0x0000000085d00000|100%| E|CS|TAMS 0x0000000085c00000| PB 0x0000000085c00000| Complete 
|  93|0x0000000085d00000, 0x0000000085e00000, 0x0000000085e00000|100%| E|CS|TAMS 0x0000000085d00000| PB 0x0000000085d00000| Complete 
|  94|0x0000000085e00000, 0x0000000085f00000, 0x0000000085f00000|100%| E|CS|TAMS 0x0000000085e00000| PB 0x0000000085e00000| Complete 
|  95|0x0000000085f00000, 0x0000000086000000, 0x0000000086000000|100%| E|CS|TAMS 0x0000000085f00000| PB 0x0000000085f00000| Complete 
|  96|0x0000000086000000, 0x0000000086100000, 0x0000000086100000|100%| E|CS|TAMS 0x0000000086000000| PB 0x0000000086000000| Complete 
|  97|0x0000000086100000, 0x0000000086200000, 0x0000000086200000|100%| E|CS|TAMS 0x0000000086100000| PB 0x0000000086100000| Complete 
|  98|0x0000000086200000, 0x0000000086300000, 0x0000000086300000|100%| S|CS|TAMS 0x0000000086200000| PB 0x0000000086200000| Complete 
|  99|0x0000000086300000, 0x0000000086400000, 0x0000000086400000|100%| S|CS|TAMS 0x0000000086300000| PB 0x0000000086300000| Complete 
| 100|0x0000000086400000, 0x0000000086500000, 0x0000000086500000|100%| S|CS|TAMS 0x0000000086400000| PB 0x0000000086400000| Complete 
| 101|0x0000000086500000, 0x0000000086600000, 0x0000000086600000|100%| S|CS|TAMS 0x0000000086500000| PB 0x0000000086500000| Complete 
| 102|0x0000000086600000, 0x0000000086700000, 0x0000000086700000|100%| S|CS|TAMS 0x0000000086600000| PB 0x0000000086600000| Complete 
| 103|0x0000000086700000, 0x0000000086800000, 0x0000000086800000|100%| S|CS|TAMS 0x0000000086700000| PB 0x0000000086700000| Complete 
| 104|0x0000000086800000, 0x0000000086900000, 0x0000000086900000|100%| S|CS|TAMS 0x0000000086800000| PB 0x0000000086800000| Complete 
| 142|0x0000000088e00000, 0x0000000088f00000, 0x0000000088f00000|100%| E|CS|TAMS 0x0000000088e00000| PB 0x0000000088e00000| Complete 
| 143|0x0000000088f00000, 0x0000000089000000, 0x0000000089000000|100%| E|CS|TAMS 0x0000000088f00000| PB 0x0000000088f00000| Complete 
| 144|0x0000000089000000, 0x0000000089100000, 0x0000000089100000|100%| E|CS|TAMS 0x0000000089000000| PB 0x0000000089000000| Complete 
| 145|0x0000000089100000, 0x0000000089200000, 0x0000000089200000|100%| E|CS|TAMS 0x0000000089100000| PB 0x0000000089100000| Complete 
| 146|0x0000000089200000, 0x0000000089300000, 0x0000000089300000|100%| E|CS|TAMS 0x0000000089200000| PB 0x0000000089200000| Complete 
| 147|0x0000000089300000, 0x0000000089400000, 0x0000000089400000|100%| E|CS|TAMS 0x0000000089300000| PB 0x0000000089300000| Complete 
| 148|0x0000000089400000, 0x0000000089500000, 0x0000000089500000|100%| E|CS|TAMS 0x0000000089400000| PB 0x0000000089400000| Complete 
| 149|0x0000000089500000, 0x0000000089600000, 0x0000000089600000|100%| E|CS|TAMS 0x0000000089500000| PB 0x0000000089500000| Complete 
| 150|0x0000000089600000, 0x0000000089700000, 0x0000000089700000|100%| E|CS|TAMS 0x0000000089600000| PB 0x0000000089600000| Complete 
| 151|0x0000000089700000, 0x0000000089800000, 0x0000000089800000|100%| E|CS|TAMS 0x0000000089700000| PB 0x0000000089700000| Complete 
| 152|0x0000000089800000, 0x0000000089900000, 0x0000000089900000|100%| E|CS|TAMS 0x0000000089800000| PB 0x0000000089800000| Complete 
| 153|0x0000000089900000, 0x0000000089a00000, 0x0000000089a00000|100%| E|CS|TAMS 0x0000000089900000| PB 0x0000000089900000| Complete 
| 251|0x000000008fb00000, 0x000000008fc00000, 0x000000008fc00000|100%| E|CS|TAMS 0x000000008fb00000| PB 0x000000008fb00000| Complete 
|2033|0x00000000ff100000, 0x00000000ff1df600, 0x00000000ff200000| 87%| O|  |TAMS 0x00000000ff100000| PB 0x00000000ff100000| Untracked 
|2034|0x00000000ff200000, 0x00000000ff300000, 0x00000000ff300000|100%| O|  |TAMS 0x00000000ff200000| PB 0x00000000ff200000| Untracked 
|2035|0x00000000ff300000, 0x00000000ff400000, 0x00000000ff400000|100%| O|  |TAMS 0x00000000ff300000| PB 0x00000000ff300000| Untracked 
|2036|0x00000000ff400000, 0x00000000ff500000, 0x00000000ff500000|100%| O|  |TAMS 0x00000000ff400000| PB 0x00000000ff400000| Untracked 
|2037|0x00000000ff500000, 0x00000000ff600000, 0x00000000ff600000|100%| O|  |TAMS 0x00000000ff500000| PB 0x00000000ff500000| Untracked 
|2038|0x00000000ff600000, 0x00000000ff700000, 0x00000000ff700000|100%| O|  |TAMS 0x00000000ff600000| PB 0x00000000ff600000| Untracked 
|2039|0x00000000ff700000, 0x00000000ff800000, 0x00000000ff800000|100%| O|  |TAMS 0x00000000ff700000| PB 0x00000000ff700000| Untracked 
|2040|0x00000000ff800000, 0x00000000ff900000, 0x00000000ff900000|100%| O|  |TAMS 0x00000000ff800000| PB 0x00000000ff800000| Untracked 
|2041|0x00000000ff900000, 0x00000000ffa00000, 0x00000000ffa00000|100%| O|  |TAMS 0x00000000ff900000| PB 0x00000000ff900000| Untracked 
|2042|0x00000000ffa00000, 0x00000000ffb00000, 0x00000000ffb00000|100%| O|  |TAMS 0x00000000ffa00000| PB 0x00000000ffa00000| Untracked 
|2043|0x00000000ffb00000, 0x00000000ffc00000, 0x00000000ffc00000|100%| O|  |TAMS 0x00000000ffb00000| PB 0x00000000ffb00000| Untracked 
|2044|0x00000000ffc00000, 0x00000000ffd00000, 0x00000000ffd00000|100%| O|  |TAMS 0x00000000ffc00000| PB 0x00000000ffc00000| Untracked 
|2045|0x00000000ffd00000, 0x00000000ffe00000, 0x00000000ffe00000|100%| O|  |TAMS 0x00000000ffd00000| PB 0x00000000ffd00000| Untracked 
|2046|0x00000000ffe00000, 0x00000000fff00000, 0x00000000fff00000|100%| O|  |TAMS 0x00000000ffe00000| PB 0x00000000ffe00000| Untracked 
|2047|0x00000000fff00000, 0x0000000100000000, 0x0000000100000000|100%| O|  |TAMS 0x00000000fff00000| PB 0x00000000fff00000| Untracked 

Card table byte_map: [0x000002db5b800000,0x000002db5bc00000] _byte_map_base: 0x000002db5b400000

Marking Bits: (CMBitMap*) 0x000002db419cb1d0
 Bits: [0x000002db5c000000, 0x000002db5e000000)

Polling page: 0x000002db41a70000

Metaspace:

Usage:
  Non-class:     46.09 MB used.
      Class:      7.40 MB used.
       Both:     53.48 MB used.

Virtual space:
  Non-class space:       64.00 MB reserved,      46.94 MB ( 73%) committed,  1 nodes.
      Class space:        1.00 GB reserved,       8.25 MB ( <1%) committed,  1 nodes.
             Both:        1.06 GB reserved,      55.19 MB (  5%) committed. 

Chunk freelists:
   Non-Class:  688.00 KB
       Class:  3.65 MB
        Both:  4.32 MB

MaxMetaspaceSize: unlimited
CompressedClassSpaceSize: 1.00 GB
Initial GC threshold: 21.00 MB
Current GC threshold: 58.69 MB
CDS: on
MetaspaceReclaimPolicy: balanced
 - commit_granule_bytes: 65536.
 - commit_granule_words: 8192.
 - virtual_space_node_default_size: 8388608.
 - enlarge_chunks_in_place: 1.
 - new_chunks_are_fully_committed: 0.
 - uncommit_free_chunks: 1.
 - use_allocation_guard: 0.


Internal statistics:

num_allocs_failed_limit: 6.
num_arena_births: 3114.
num_arena_deaths: 0.
num_vsnodes_births: 2.
num_vsnodes_deaths: 0.
num_space_committed: 883.
num_space_uncommitted: 0.
num_chunks_returned_to_freelist: 6.
num_chunks_taken_from_freelist: 5599.
num_chunk_merges: 6.
num_chunk_splits: 3701.
num_chunks_enlarged: 2300.
num_inconsistent_stats: 0.

CodeHeap 'non-profiled nmethods': size=119168Kb used=3737Kb max_used=3737Kb free=115430Kb
 bounds [0x000002db53700000, 0x000002db53ab0000, 0x000002db5ab60000]
CodeHeap 'profiled nmethods': size=119104Kb used=13684Kb max_used=13684Kb free=105419Kb
 bounds [0x000002db4bb60000, 0x000002db4c8c0000, 0x000002db52fb0000]
CodeHeap 'non-nmethods': size=7488Kb used=4490Kb max_used=4531Kb free=2997Kb
 bounds [0x000002db52fb0000, 0x000002db53420000, 0x000002db53700000]
 total_blobs=8037 nmethods=7164 adapters=780
 compilation: enabled
              stopped_count=0, restarted_count=0
 full_count=0

Compilation events (20 events):
Event: 5.866 Thread 0x000002db61155f00 7588       3       com.google.common.reflect.TypeResolver::<init> (16 bytes)
Event: 5.866 Thread 0x000002db61155970 7589       3       com.google.common.reflect.TypeResolver$TypeMappingIntrospector::getTypeMappings (33 bytes)
Event: 5.867 Thread 0x000002db61159110 7590       3       com.google.common.reflect.TypeResolver::where (16 bytes)
Event: 5.867 Thread 0x000002db61155f00 nmethod 7588 0x000002db4c8a1b10 code [0x000002db4c8a1cc0, 0x000002db4c8a2068]
Event: 5.867 Thread 0x000002db61159110 nmethod 7590 0x000002db4c8a2190 code [0x000002db4c8a2340, 0x000002db4c8a2608]
Event: 5.867 Thread 0x000002db61156a20 nmethod 7587 0x000002db4c8a2790 code [0x000002db4c8a2980, 0x000002db4c8a3018]
Event: 5.867 Thread 0x000002db61155970 nmethod 7589 0x000002db4c8a3290 code [0x000002db4c8a3500, 0x000002db4c8a4220]
Event: 5.867 Thread 0x000002db61155970 7593       3       org.gradle.internal.concurrent.CompositeStoppable::stoppable (12 bytes)
Event: 5.867 Thread 0x000002db61155f00 7594       3       org.gradle.internal.concurrent.CompositeStoppable::add (35 bytes)
Event: 5.867 Thread 0x000002db61156a20 7595       3       org.gradle.internal.service.DefaultServiceRegistry::<init> (153 bytes)
Event: 5.867 Thread 0x000002db61159110 7596       3       org.gradle.internal.service.DefaultServiceRegistry$OwnServices::<init> (82 bytes)
Event: 5.867 Thread 0x000002db61155970 nmethod 7593 0x000002db4c8a4610 code [0x000002db4c8a47e0, 0x000002db4c8a4cd8]
Event: 5.867 Thread 0x000002db61155970 7597       3       org.gradle.internal.service.DefaultServiceRegistry$ThisAsService::<init> (6 bytes)
Event: 5.867 Thread 0x000002db61155f00 nmethod 7594 0x000002db4c8a4e90 code [0x000002db4c8a5060, 0x000002db4c8a5498]
Event: 5.867 Thread 0x000002db61155f00 7598       3       org.gradle.internal.service.DefaultServiceRegistry$ThisAsService::<init> (10 bytes)
Event: 5.867 Thread 0x000002db61155970 nmethod 7597 0x000002db4c8a5690 code [0x000002db4c8a5820, 0x000002db4c8a5a48]
Event: 5.867 Thread 0x000002db61155f00 nmethod 7598 0x000002db4c8a5b90 code [0x000002db4c8a5d20, 0x000002db4c8a5ee8]
Event: 5.867 Thread 0x000002db61155970 7599       3       org.gradle.internal.instantiation.generator.DefaultInstantiationScheme::<init> (59 bytes)
Event: 5.867 Thread 0x000002db61155f00 7600       3       org.gradle.internal.instantiation.generator.DependencyInjectingInstantiator::<init> (15 bytes)
Event: 5.867 Thread 0x000002db61155f00 nmethod 7600 0x000002db4c8a5f90 code [0x000002db4c8a6120, 0x000002db4c8a6348]

GC Heap History (18 events):
Event: 0.660 GC heap before
{Heap before GC invocations=0 (full 0):
 garbage-first heap   total 258048K, used 26624K [0x0000000080000000, 0x0000000100000000)
  region size 1024K, 23 young (23552K), 0 survivors (0K)
 Metaspace       used 3283K, committed 3392K, reserved 1114112K
  class space    used 401K, committed 448K, reserved 1048576K
}
Event: 0.663 GC heap after
{Heap after GC invocations=1 (full 0):
 garbage-first heap   total 258048K, used 10708K [0x0000000080000000, 0x0000000100000000)
  region size 1024K, 3 young (3072K), 3 survivors (3072K)
 Metaspace       used 3283K, committed 3392K, reserved 1114112K
  class space    used 401K, committed 448K, reserved 1048576K
}
Event: 0.884 GC heap before
{Heap before GC invocations=1 (full 0):
 garbage-first heap   total 258048K, used 40404K [0x0000000080000000, 0x0000000100000000)
  region size 1024K, 32 young (32768K), 3 survivors (3072K)
 Metaspace       used 4222K, committed 4352K, reserved 1114112K
  class space    used 499K, committed 576K, reserved 1048576K
}
Event: 0.888 GC heap after
{Heap after GC invocations=2 (full 0):
 garbage-first heap   total 258048K, used 15132K [0x0000000080000000, 0x0000000100000000)
  region size 1024K, 4 young (4096K), 4 survivors (4096K)
 Metaspace       used 4222K, committed 4352K, reserved 1114112K
  class space    used 499K, committed 576K, reserved 1048576K
}
Event: 2.244 GC heap before
{Heap before GC invocations=2 (full 0):
 garbage-first heap   total 258048K, used 109340K [0x0000000080000000, 0x0000000100000000)
  region size 1024K, 98 young (100352K), 4 survivors (4096K)
 Metaspace       used 20756K, committed 21504K, reserved 1114112K
  class space    used 3019K, committed 3392K, reserved 1048576K
}
Event: 2.250 GC heap after
{Heap after GC invocations=3 (full 0):
 garbage-first heap   total 258048K, used 23143K [0x0000000080000000, 0x0000000100000000)
  region size 1024K, 12 young (12288K), 12 survivors (12288K)
 Metaspace       used 20756K, committed 21504K, reserved 1114112K
  class space    used 3019K, committed 3392K, reserved 1048576K
}
Event: 2.798 GC heap before
{Heap before GC invocations=4 (full 0):
 garbage-first heap   total 81920K, used 81511K [0x0000000080000000, 0x0000000100000000)
  region size 1024K, 69 young (70656K), 12 survivors (12288K)
 Metaspace       used 28403K, committed 29632K, reserved 1114112K
  class space    used 4264K, committed 4864K, reserved 1048576K
}
Event: 2.803 GC heap after
{Heap after GC invocations=5 (full 0):
 garbage-first heap   total 98304K, used 26310K [0x0000000080000000, 0x0000000100000000)
  region size 1024K, 11 young (11264K), 11 survivors (11264K)
 Metaspace       used 28403K, committed 29632K, reserved 1114112K
  class space    used 4264K, committed 4864K, reserved 1048576K
}
Event: 3.123 GC heap before
{Heap before GC invocations=5 (full 0):
 garbage-first heap   total 98304K, used 73414K [0x0000000080000000, 0x0000000100000000)
  region size 1024K, 57 young (58368K), 11 survivors (11264K)
 Metaspace       used 34269K, committed 35520K, reserved 1114112K
  class space    used 4860K, committed 5504K, reserved 1048576K
}
Event: 3.127 GC heap after
{Heap after GC invocations=6 (full 0):
 garbage-first heap   total 98304K, used 31377K [0x0000000080000000, 0x0000000100000000)
  region size 1024K, 8 young (8192K), 8 survivors (8192K)
 Metaspace       used 34269K, committed 35520K, reserved 1114112K
  class space    used 4860K, committed 5504K, reserved 1048576K
}
Event: 3.176 GC heap before
{Heap before GC invocations=6 (full 0):
 garbage-first heap   total 98304K, used 35473K [0x0000000080000000, 0x0000000100000000)
  region size 1024K, 13 young (13312K), 8 survivors (8192K)
 Metaspace       used 34772K, committed 35968K, reserved 1114112K
  class space    used 4927K, committed 5568K, reserved 1048576K
}
Event: 3.178 GC heap after
{Heap after GC invocations=7 (full 0):
 garbage-first heap   total 98304K, used 32092K [0x0000000080000000, 0x0000000100000000)
  region size 1024K, 2 young (2048K), 2 survivors (2048K)
 Metaspace       used 34772K, committed 35968K, reserved 1114112K
  class space    used 4927K, committed 5568K, reserved 1048576K
}
Event: 3.582 GC heap before
{Heap before GC invocations=8 (full 0):
 garbage-first heap   total 98304K, used 88412K [0x0000000080000000, 0x0000000100000000)
  region size 1024K, 51 young (52224K), 2 survivors (2048K)
 Metaspace       used 40663K, committed 42112K, reserved 1114112K
  class space    used 5693K, committed 6400K, reserved 1048576K
}
Event: 3.584 GC heap after
{Heap after GC invocations=9 (full 0):
 garbage-first heap   total 118784K, used 34665K [0x0000000080000000, 0x0000000100000000)
  region size 1024K, 5 young (5120K), 5 survivors (5120K)
 Metaspace       used 40663K, committed 42112K, reserved 1114112K
  class space    used 5693K, committed 6400K, reserved 1048576K
}
Event: 4.301 GC heap before
{Heap before GC invocations=9 (full 0):
 garbage-first heap   total 118784K, used 100201K [0x0000000080000000, 0x0000000100000000)
  region size 1024K, 69 young (70656K), 5 survivors (5120K)
 Metaspace       used 47265K, committed 48960K, reserved 1114112K
  class space    used 6699K, committed 7552K, reserved 1048576K
}
Event: 4.306 GC heap after
{Heap after GC invocations=10 (full 0):
 garbage-first heap   total 118784K, used 39239K [0x0000000080000000, 0x0000000100000000)
  region size 1024K, 9 young (9216K), 9 survivors (9216K)
 Metaspace       used 47265K, committed 48960K, reserved 1114112K
  class space    used 6699K, committed 7552K, reserved 1048576K
}
Event: 5.134 GC heap before
{Heap before GC invocations=10 (full 0):
 garbage-first heap   total 118784K, used 113991K [0x0000000080000000, 0x0000000100000000)
  region size 1024K, 69 young (70656K), 9 survivors (9216K)
 Metaspace       used 50021K, committed 51840K, reserved 1114112K
  class space    used 7019K, committed 7936K, reserved 1048576K
}
Event: 5.155 GC heap after
{Heap after GC invocations=11 (full 0):
 garbage-first heap   total 136192K, used 64381K [0x0000000080000000, 0x0000000100000000)
  region size 1024K, 9 young (9216K), 9 survivors (9216K)
 Metaspace       used 50021K, committed 51840K, reserved 1114112K
  class space    used 7019K, committed 7936K, reserved 1048576K
}

Dll operation events (15 events):
Event: 0.014 Loaded shared library D:\jdk20\bin\java.dll
Event: 0.021 Loaded shared library D:\jdk20\bin\jsvml.dll
Event: 0.056 Loaded shared library D:\jdk20\bin\zip.dll
Event: 0.058 Loaded shared library D:\jdk20\bin\instrument.dll
Event: 0.061 Loaded shared library D:\jdk20\bin\net.dll
Event: 0.062 Loaded shared library D:\jdk20\bin\nio.dll
Event: 0.066 Loaded shared library D:\jdk20\bin\zip.dll
Event: 0.179 Loaded shared library D:\jdk20\bin\jimage.dll
Event: 0.226 Loaded shared library D:\jdk20\bin\verify.dll
Event: 0.562 Loaded shared library D:\gradle\repository\native\c067742578af261105cb4f569cf0c3c89f3d7b1fecec35dd04571415982c5e48\windows-amd64\native-platform.dll
Event: 0.586 Loaded shared library D:\gradle\repository\native\38dada09dfb8b06ba9b0570ebf7e218e3eb74d4ef43ca46872605cf95ebc2f47\windows-amd64\native-platform-file-events.dll
Event: 1.060 Loaded shared library D:\jdk20\bin\management.dll
Event: 1.062 Loaded shared library D:\jdk20\bin\management_ext.dll
Event: 1.227 Loaded shared library D:\jdk20\bin\extnet.dll
Event: 1.436 Loaded shared library D:\jdk20\bin\sunmscapi.dll

Deoptimization events (20 events):
Event: 5.479 Thread 0x000002db670ffe10 Uncommon trap: trap_request=0xffffffde fr.pc=0x000002db53a7f428 relative=0x0000000000000748
Event: 5.479 Thread 0x000002db670ffe10 Uncommon trap: reason=class_check action=maybe_recompile pc=0x000002db53a7f428 method=org.gradle.internal.instantiation.generator.AbstractClassGenerator$InjectionAnnotationValidator.validateMethod(Ljava/lang/reflect/Method;Lorg/gradle/internal/reflect/Pro
Event: 5.479 Thread 0x000002db670ffe10 DEOPT PACKING pc=0x000002db53a7f428 sp=0x000000f43d0f6a10
Event: 5.479 Thread 0x000002db670ffe10 DEOPT UNPACKING pc=0x000002db53019d22 sp=0x000000f43d0f6a00 mode 2
Event: 5.498 Thread 0x000002db670ffe10 Uncommon trap: trap_request=0xffffffde fr.pc=0x000002db5399a0b0 relative=0x0000000000001d90
Event: 5.498 Thread 0x000002db670ffe10 Uncommon trap: reason=class_check action=maybe_recompile pc=0x000002db5399a0b0 method=java.util.jar.JarFile.getManifestFromReference()Ljava/util/jar/Manifest; @ 152 c2
Event: 5.498 Thread 0x000002db670ffe10 DEOPT PACKING pc=0x000002db5399a0b0 sp=0x000000f43d0f6950
Event: 5.498 Thread 0x000002db670ffe10 DEOPT UNPACKING pc=0x000002db53019d22 sp=0x000000f43d0f68b0 mode 2
Event: 5.527 Thread 0x000002db670ffe10 Uncommon trap: trap_request=0xffffffde fr.pc=0x000002db539700bc relative=0x000000000000035c
Event: 5.527 Thread 0x000002db670ffe10 Uncommon trap: reason=class_check action=maybe_recompile pc=0x000002db539700bc method=java.util.stream.AbstractPipeline.copyIntoWithCancel(Ljava/util/stream/Sink;Ljava/util/Spliterator;)Z @ 32 c2
Event: 5.527 Thread 0x000002db670ffe10 DEOPT PACKING pc=0x000002db539700bc sp=0x000000f43d0f64b0
Event: 5.527 Thread 0x000002db670ffe10 DEOPT UNPACKING pc=0x000002db53019d22 sp=0x000000f43d0f6370 mode 2
Event: 5.527 Thread 0x000002db670ffe10 Uncommon trap: trap_request=0xffffffde fr.pc=0x000002db539700bc relative=0x000000000000035c
Event: 5.527 Thread 0x000002db670ffe10 Uncommon trap: reason=class_check action=maybe_recompile pc=0x000002db539700bc method=java.util.stream.AbstractPipeline.copyIntoWithCancel(Ljava/util/stream/Sink;Ljava/util/Spliterator;)Z @ 32 c2
Event: 5.527 Thread 0x000002db670ffe10 DEOPT PACKING pc=0x000002db539700bc sp=0x000000f43d0f64b0
Event: 5.527 Thread 0x000002db670ffe10 DEOPT UNPACKING pc=0x000002db53019d22 sp=0x000000f43d0f6370 mode 2
Event: 5.527 Thread 0x000002db670ffe10 Uncommon trap: trap_request=0xffffffde fr.pc=0x000002db539700bc relative=0x000000000000035c
Event: 5.527 Thread 0x000002db670ffe10 Uncommon trap: reason=class_check action=maybe_recompile pc=0x000002db539700bc method=java.util.stream.AbstractPipeline.copyIntoWithCancel(Ljava/util/stream/Sink;Ljava/util/Spliterator;)Z @ 32 c2
Event: 5.527 Thread 0x000002db670ffe10 DEOPT PACKING pc=0x000002db539700bc sp=0x000000f43d0f64b0
Event: 5.527 Thread 0x000002db670ffe10 DEOPT UNPACKING pc=0x000002db53019d22 sp=0x000000f43d0f6370 mode 2

Classes loaded (20 events):
Event: 5.764 Loading class java/util/stream/ReduceOps$2ReducingSink
Event: 5.764 Loading class java/util/stream/ReduceOps$2ReducingSink done
Event: 5.764 Loading class java/lang/management/ClassLoadingMXBean
Event: 5.764 Loading class java/lang/management/ClassLoadingMXBean done
Event: 5.764 Loading class sun/management/ClassLoadingImpl
Event: 5.765 Loading class sun/management/ClassLoadingImpl done
Event: 5.775 Loading class java/lang/management/ThreadMXBean
Event: 5.776 Loading class java/lang/management/ThreadMXBean done
Event: 5.776 Loading class com/sun/management/internal/HotSpotThreadImpl
Event: 5.776 Loading class com/sun/management/ThreadMXBean
Event: 5.777 Loading class com/sun/management/ThreadMXBean done
Event: 5.777 Loading class sun/management/ThreadImpl
Event: 5.777 Loading class sun/management/ThreadImpl done
Event: 5.777 Loading class com/sun/management/internal/HotSpotThreadImpl done
Event: 5.778 Loading class java/util/Collections$SynchronizedRandomAccessList
Event: 5.778 Loading class java/util/Collections$SynchronizedList
Event: 5.778 Loading class java/util/Collections$SynchronizedList done
Event: 5.778 Loading class java/util/Collections$SynchronizedRandomAccessList done
Event: 5.787 Loading class java/util/concurrent/Executors$DefaultThreadFactory
Event: 5.787 Loading class java/util/concurrent/Executors$DefaultThreadFactory done

Classes unloaded (0 events):
No events

Classes redefined (0 events):
No events

Internal exceptions (20 events):
Event: 4.577 Thread 0x000002db670ffe10 Exception <a 'java/lang/NoSuchMethodError'{0x00000000857b9e70}: 'void java.lang.invoke.DirectMethodHandle$Holder.invokeInterface(java.lang.Object, java.lang.Object, java.lang.Object, java.lang.Object)'> (0x00000000857b9e70) 
thrown [s\open\src\hotspot\share\interpreter\linkResolver.cpp, line 773]
Event: 4.577 Thread 0x000002db670ffe10 Exception <a 'java/lang/NoSuchMethodError'{0x00000000857d2748}: 'long java.lang.invoke.DirectMethodHandle$Holder.invokeVirtual(java.lang.Object, java.lang.Object)'> (0x00000000857d2748) 
thrown [s\open\src\hotspot\share\interpreter\linkResolver.cpp, line 773]
Event: 4.581 Thread 0x000002db670fde30 Exception <a 'java/lang/NoSuchMethodError'{0x000000008fbfe290}: static Lorg/gradle/internal/build/event/types/DefaultOperationFinishedProgressEvent;.<clinit>()V> (0x000000008fbfe290) 
thrown [s\open\src\hotspot\share\prims\jni.cpp, line 1105]
Event: 4.582 Thread 0x000002db670fde30 Exception <a 'java/lang/NoSuchMethodError'{0x00000000856a2ab0}: static Lorg/gradle/internal/build/event/types/DefaultProjectConfigurationSuccessResult;.<clinit>()V> (0x00000000856a2ab0) 
thrown [s\open\src\hotspot\share\prims\jni.cpp, line 1105]
Event: 4.582 Thread 0x000002db670fde30 Exception <a 'java/lang/NoSuchMethodError'{0x00000000856a3be0}: static Lorg/gradle/internal/build/event/types/AbstractProjectConfigurationResult;.<clinit>()V> (0x00000000856a3be0) 
thrown [s\open\src\hotspot\share\prims\jni.cpp, line 1105]
Event: 4.583 Thread 0x000002db670fde30 Exception <a 'java/lang/NoSuchMethodError'{0x00000000856a4ff8}: static Lorg/gradle/internal/build/event/types/AbstractOperationResult;.<clinit>()V> (0x00000000856a4ff8) 
thrown [s\open\src\hotspot\share\prims\jni.cpp, line 1105]
Event: 4.583 Thread 0x000002db670fde30 Exception <a 'java/lang/NoSuchMethodError'{0x00000000856a6308}: static Lorg/gradle/internal/build/event/types/AbstractResult;.<clinit>()V> (0x00000000856a6308) 
thrown [s\open\src\hotspot\share\prims\jni.cpp, line 1105]
Event: 4.583 Thread 0x000002db670fde30 Exception <a 'java/lang/NoSuchMethodError'{0x00000000856baf08}: static Lorg/gradle/internal/build/event/types/DefaultPluginApplicationResult;.<clinit>()V> (0x00000000856baf08) 
thrown [s\open\src\hotspot\share\prims\jni.cpp, line 1105]
Event: 4.584 Thread 0x000002db670fde30 Exception <a 'java/lang/NoSuchMethodError'{0x00000000856c5870}: static Lorg/gradle/internal/build/event/types/DefaultBinaryPluginIdentifier;.<clinit>()V> (0x00000000856c5870) 
thrown [s\open\src\hotspot\share\prims\jni.cpp, line 1105]
Event: 4.585 Thread 0x000002db670fde30 Exception <a 'java/lang/NoSuchMethodError'{0x00000000856db630}: static Lorg/gradle/internal/build/event/types/DefaultScriptPluginIdentifier;.<clinit>()V> (0x00000000856db630) 
thrown [s\open\src\hotspot\share\prims\jni.cpp, line 1105]
Event: 4.599 Thread 0x000002db670ffe10 Implicit null exception at 0x000002db539d7d1e to 0x000002db539d81f0
Event: 4.600 Thread 0x000002db670ffe10 Implicit null exception at 0x000002db539d709f to 0x000002db539d754c
Event: 4.820 Thread 0x000002db670ffe10 Exception <a 'java/lang/ClassNotFoundException'{0x00000000847566b0}: sun/misc/SharedSecrets> (0x00000000847566b0) 
thrown [s\open\src\hotspot\share\classfile\systemDictionary.cpp, line 305]
Event: 4.820 Thread 0x000002db670ffe10 Exception <a 'java/lang/ClassNotFoundException'{0x0000000084757cc8}: org/gradle/api/internal/plugins/DefaultObjectConfigurationActionBeanInfo> (0x0000000084757cc8) 
thrown [s\open\src\hotspot\share\classfile\systemDictionary.cpp, line 305]
Event: 4.821 Thread 0x000002db670ffe10 Exception <a 'java/lang/ClassNotFoundException'{0x000000008476a4d8}: org/gradle/api/internal/plugins/DefaultObjectConfigurationActionCustomizer> (0x000000008476a4d8) 
thrown [s\open\src\hotspot\share\classfile\systemDictionary.cpp, line 305]
Event: 5.122 Thread 0x000002db670ffe10 Exception <a 'java/lang/NoSuchMethodError'{0x0000000083346ab0}: 'java.lang.Object java.lang.invoke.DirectMethodHandle$Holder.newInvokeSpecial(java.lang.Object, java.lang.Object, java.lang.Object, java.lang.Object, int)'> (0x0000000083346ab0) 
thrown [s\open\src\hotspot\share\interpreter\linkResolver.cpp, line 773]
Event: 5.122 Thread 0x000002db670ffe10 Exception <a 'java/lang/NoSuchMethodError'{0x000000008334bbb0}: 'java.lang.Object java.lang.invoke.DirectMethodHandle$Holder.invokeSpecial(java.lang.Object, java.lang.Object, java.lang.Object, java.lang.Object, java.lang.Object, int)'> (0x000000008334bbb0) 
thrown [s\open\src\hotspot\share\interpreter\linkResolver.cpp, line 773]
Event: 5.123 Thread 0x000002db670ffe10 Exception <a 'java/lang/NoSuchMethodError'{0x0000000083350600}: 'java.lang.Object java.lang.invoke.Invokers$Holder.linkToTargetMethod(java.lang.Object, java.lang.Object, java.lang.Object, int, java.lang.Object)'> (0x0000000083350600) 
thrown [s\open\src\hotspot\share\interpreter\linkResolver.cpp, line 773]
Event: 5.461 Thread 0x000002db670ffe10 Exception <a 'java/lang/NoSuchMethodError'{0x0000000085d4fc28}: 'int java.lang.invoke.DirectMethodHandle$Holder.invokeInterface(java.lang.Object, java.lang.Object, java.lang.Object, java.lang.Object)'> (0x0000000085d4fc28) 
thrown [s\open\src\hotspot\share\interpreter\linkResolver.cpp, line 773]
Event: 5.835 Thread 0x000002db670ffe10 Exception <a 'sun/nio/fs/WindowsException'{0x0000000084527e70}> (0x0000000084527e70) 
thrown [s\open\src\hotspot\share\prims\jni.cpp, line 519]

VM Operations (20 events):
Event: 4.406 Executing VM operation: HandshakeAllThreads
Event: 4.406 Executing VM operation: HandshakeAllThreads done
Event: 4.456 Executing VM operation: ICBufferFull
Event: 4.456 Executing VM operation: ICBufferFull done
Event: 4.579 Executing VM operation: HandshakeAllThreads
Event: 4.579 Executing VM operation: HandshakeAllThreads done
Event: 4.580 Executing VM operation: ICBufferFull
Event: 4.580 Executing VM operation: ICBufferFull done
Event: 4.785 Executing VM operation: ICBufferFull
Event: 4.785 Executing VM operation: ICBufferFull done
Event: 5.134 Executing VM operation: G1CollectForAllocation
Event: 5.155 Executing VM operation: G1CollectForAllocation done
Event: 5.174 Executing VM operation: HandshakeAllThreads
Event: 5.174 Executing VM operation: HandshakeAllThreads done
Event: 5.446 Executing VM operation: HandshakeAllThreads
Event: 5.446 Executing VM operation: HandshakeAllThreads done
Event: 5.456 Executing VM operation: HandshakeAllThreads
Event: 5.456 Executing VM operation: HandshakeAllThreads done
Event: 5.460 Executing VM operation: HandshakeAllThreads
Event: 5.460 Executing VM operation: HandshakeAllThreads done

Events (20 events):
Event: 4.545 Thread 0x000002db6c07f4e0 Thread added: 0x000002db6c07f4e0
Event: 4.546 Thread 0x000002db6c07ca60 Thread added: 0x000002db6c07ca60
Event: 4.546 Thread 0x000002db6c07fa30 Thread added: 0x000002db6c07fa30
Event: 4.546 Thread 0x000002db6c07ff80 Thread added: 0x000002db6c07ff80
Event: 4.546 Thread 0x000002db6c07da50 Thread added: 0x000002db6c07da50
Event: 4.546 Thread 0x000002db6c07e4f0 Thread added: 0x000002db6c07e4f0
Event: 4.779 Thread 0x000002db6ab60390 Thread exited: 0x000002db6ab60390
Event: 4.799 Thread 0x000002db6c07bfc0 Thread added: 0x000002db6c07bfc0
Event: 4.799 Thread 0x000002db6c0804d0 Thread added: 0x000002db6c0804d0
Event: 4.799 Thread 0x000002db6c07dfa0 Thread added: 0x000002db6c07dfa0
Event: 4.799 Thread 0x000002db6c080a20 Thread added: 0x000002db6c080a20
Event: 4.799 Thread 0x000002db6c081f60 Thread added: 0x000002db6c081f60
Event: 4.799 Thread 0x000002db6c07a530 Thread added: 0x000002db6c07a530
Event: 4.799 Thread 0x000002db6c07aa80 Thread added: 0x000002db6c07aa80
Event: 4.799 Thread 0x000002db6c07afd0 Thread added: 0x000002db6c07afd0
Event: 5.050 Thread 0x000002db61156490 Thread exited: 0x000002db61156490
Event: 5.051 Thread 0x000002db61158b80 Thread exited: 0x000002db61158b80
Event: 5.506 Thread 0x000002db611585f0 Thread exited: 0x000002db611585f0
Event: 5.612 Thread 0x000002db6c07ba70 Thread added: 0x000002db6c07ba70
Event: 5.842 Thread 0x000002db6ab63b30 Thread added: 0x000002db6ab63b30


Dynamic libraries:
0x00007ff6bfe50000 - 0x00007ff6bfe60000 	D:\jdk20\bin\java.exe
0x00007ffd73870000 - 0x00007ffd73a86000 	C:\Windows\SYSTEM32\ntdll.dll
0x00007ffd72590000 - 0x00007ffd72654000 	C:\Windows\System32\KERNEL32.DLL
0x00007ffd711f0000 - 0x00007ffd71597000 	C:\Windows\System32\KERNELBASE.dll
0x00007ffd70d00000 - 0x00007ffd70e11000 	C:\Windows\System32\ucrtbase.dll
0x00007ffd5bc60000 - 0x00007ffd5bc79000 	D:\jdk20\bin\jli.dll
0x00007ffd69490000 - 0x00007ffd694ab000 	D:\jdk20\bin\VCRUNTIME140.dll
0x00007ffd72660000 - 0x00007ffd72712000 	C:\Windows\System32\ADVAPI32.dll
0x00007ffd72ea0000 - 0x00007ffd72f47000 	C:\Windows\System32\msvcrt.dll
0x00007ffd71ee0000 - 0x00007ffd71f88000 	C:\Windows\System32\sechost.dll
0x00007ffd70c10000 - 0x00007ffd70c38000 	C:\Windows\System32\bcrypt.dll
0x00007ffd71f90000 - 0x00007ffd720a5000 	C:\Windows\System32\RPCRT4.dll
0x00007ffd720b0000 - 0x00007ffd7225e000 	C:\Windows\System32\USER32.dll
0x00007ffd70f40000 - 0x00007ffd70f66000 	C:\Windows\System32\win32u.dll
0x00007ffd57d60000 - 0x00007ffd57ff3000 	C:\Windows\WinSxS\amd64_microsoft.windows.common-controls_6595b64144ccf1df_6.0.22621.3235_none_270f74e173860f98\COMCTL32.dll
0x00007ffd72310000 - 0x00007ffd72339000 	C:\Windows\System32\GDI32.dll
0x00007ffd70e20000 - 0x00007ffd70f39000 	C:\Windows\System32\gdi32full.dll
0x00007ffd70fe0000 - 0x00007ffd7107a000 	C:\Windows\System32\msvcp_win.dll
0x00007ffd68860000 - 0x00007ffd6886a000 	C:\Windows\SYSTEM32\VERSION.dll
0x00007ffd72df0000 - 0x00007ffd72e21000 	C:\Windows\System32\IMM32.DLL
0x00007ffd6b2e0000 - 0x00007ffd6b2ec000 	D:\jdk20\bin\vcruntime140_1.dll
0x00007ffd4b640000 - 0x00007ffd4b6ce000 	D:\jdk20\bin\msvcp140.dll
0x00007ffd10fb0000 - 0x00007ffd11c47000 	D:\jdk20\bin\server\jvm.dll
0x00007ffd69040000 - 0x00007ffd69074000 	C:\Windows\SYSTEM32\WINMM.dll
0x00007ffd6da60000 - 0x00007ffd6da69000 	C:\Windows\SYSTEM32\WSOCK32.dll
0x00007ffd72d70000 - 0x00007ffd72de1000 	C:\Windows\System32\WS2_32.dll
0x00007ffd6fcc0000 - 0x00007ffd6fcd8000 	C:\Windows\SYSTEM32\kernel.appcore.dll
0x00007ffd6a990000 - 0x00007ffd6a99a000 	D:\jdk20\bin\jimage.dll
0x00007ffd6e400000 - 0x00007ffd6e633000 	C:\Windows\SYSTEM32\DBGHELP.DLL
0x00007ffd73260000 - 0x00007ffd735e8000 	C:\Windows\System32\combase.dll
0x00007ffd71e00000 - 0x00007ffd71ed7000 	C:\Windows\System32\OLEAUT32.dll
0x00007ffd54080000 - 0x00007ffd540b2000 	C:\Windows\SYSTEM32\dbgcore.DLL
0x00007ffd70b90000 - 0x00007ffd70c09000 	C:\Windows\System32\bcryptPrimitives.dll
0x00007ffd6b2f0000 - 0x00007ffd6b2fe000 	D:\jdk20\bin\instrument.dll
0x00007ffd5b600000 - 0x00007ffd5b626000 	D:\jdk20\bin\java.dll
0x00007ffd4b3c0000 - 0x00007ffd4b497000 	D:\jdk20\bin\jsvml.dll
0x00007ffd715a0000 - 0x00007ffd71dfc000 	C:\Windows\System32\SHELL32.dll
0x00007ffd6eb00000 - 0x00007ffd6f3f9000 	C:\Windows\SYSTEM32\windows.storage.dll
0x00007ffd6e9c0000 - 0x00007ffd6eafe000 	C:\Windows\SYSTEM32\wintypes.dll
0x00007ffd72350000 - 0x00007ffd72443000 	C:\Windows\System32\SHCORE.dll
0x00007ffd72e30000 - 0x00007ffd72e8e000 	C:\Windows\System32\shlwapi.dll
0x00007ffd70ac0000 - 0x00007ffd70ae1000 	C:\Windows\SYSTEM32\profapi.dll
0x00007ffd5b4a0000 - 0x00007ffd5b4b8000 	D:\jdk20\bin\zip.dll
0x00007ffd5b5e0000 - 0x00007ffd5b5f3000 	D:\jdk20\bin\net.dll
0x00007ffd6b310000 - 0x00007ffd6b446000 	C:\Windows\SYSTEM32\WINHTTP.dll
0x00007ffd70130000 - 0x00007ffd70199000 	C:\Windows\system32\mswsock.dll
0x00007ffd5b4c0000 - 0x00007ffd5b4d6000 	D:\jdk20\bin\nio.dll
0x00007ffd5b490000 - 0x00007ffd5b4a0000 	D:\jdk20\bin\verify.dll
0x00007ffd5b860000 - 0x00007ffd5b887000 	D:\gradle\repository\native\c067742578af261105cb4f569cf0c3c89f3d7b1fecec35dd04571415982c5e48\windows-amd64\native-platform.dll
0x00007ffd18d10000 - 0x00007ffd18e54000 	D:\gradle\repository\native\38dada09dfb8b06ba9b0570ebf7e218e3eb74d4ef43ca46872605cf95ebc2f47\windows-amd64\native-platform-file-events.dll
0x00007ffd58c10000 - 0x00007ffd58c1a000 	D:\jdk20\bin\management.dll
0x00007ffd58b20000 - 0x00007ffd58b2b000 	D:\jdk20\bin\management_ext.dll
0x00007ffd72450000 - 0x00007ffd72458000 	C:\Windows\System32\PSAPI.DLL
0x00007ffd70390000 - 0x00007ffd703ab000 	C:\Windows\SYSTEM32\CRYPTSP.dll
0x00007ffd6fc20000 - 0x00007ffd6fc55000 	C:\Windows\system32\rsaenh.dll
0x00007ffd70230000 - 0x00007ffd70258000 	C:\Windows\SYSTEM32\USERENV.dll
0x00007ffd703b0000 - 0x00007ffd703bc000 	C:\Windows\SYSTEM32\CRYPTBASE.dll
0x00007ffd6f6d0000 - 0x00007ffd6f6fd000 	C:\Windows\SYSTEM32\IPHLPAPI.DLL
0x00007ffd72e90000 - 0x00007ffd72e99000 	C:\Windows\System32\NSI.dll
0x00007ffd6aad0000 - 0x00007ffd6aae9000 	C:\Windows\SYSTEM32\dhcpcsvc6.DLL
0x00007ffd6a960000 - 0x00007ffd6a97f000 	C:\Windows\SYSTEM32\dhcpcsvc.DLL
0x00007ffd6f740000 - 0x00007ffd6f839000 	C:\Windows\SYSTEM32\DNSAPI.dll
0x00007ffd6a050000 - 0x00007ffd6a057000 	D:\jdk20\bin\extnet.dll
0x00007ffd58460000 - 0x00007ffd5846e000 	D:\jdk20\bin\sunmscapi.dll
0x00007ffd71080000 - 0x00007ffd711e7000 	C:\Windows\System32\CRYPT32.dll
0x00007ffd70530000 - 0x00007ffd7055e000 	C:\Windows\SYSTEM32\ncrypt.dll
0x00007ffd704f0000 - 0x00007ffd70527000 	C:\Windows\SYSTEM32\NTASN1.dll
0x00007ffd69510000 - 0x00007ffd69518000 	C:\Windows\system32\wshunix.dll

dbghelp: loaded successfully - version: 4.0.5 - missing functions: none
symbol engine: initialized successfully - sym options: 0x614 - pdb path: .;D:\jdk20\bin;C:\Windows\SYSTEM32;C:\Windows\WinSxS\amd64_microsoft.windows.common-controls_6595b64144ccf1df_6.0.22621.3235_none_270f74e173860f98;D:\jdk20\bin\server;D:\gradle\repository\native\c067742578af261105cb4f569cf0c3c89f3d7b1fecec35dd04571415982c5e48\windows-amd64;D:\gradle\repository\native\38dada09dfb8b06ba9b0570ebf7e218e3eb74d4ef43ca46872605cf95ebc2f47\windows-amd64

VM Arguments:
jvm_args: --add-opens=java.base/java.util=ALL-UNNAMED --add-opens=java.base/java.lang=ALL-UNNAMED --add-opens=java.base/java.lang.invoke=ALL-UNNAMED --add-opens=java.prefs/java.util.prefs=ALL-UNNAMED --add-opens=java.base/java.nio.charset=ALL-UNNAMED --add-opens=java.base/java.net=ALL-UNNAMED --add-opens=java.base/java.util.concurrent.atomic=ALL-UNNAMED -Xmx2048m -Dfile.encoding=UTF-8 -Duser.country=CN -Duser.language=zh -Duser.variant -javaagent:D:\gradle\gradle-8.5\lib\agents\gradle-instrumentation-agent-8.5.jar 
java_command: org.gradle.launcher.daemon.bootstrap.GradleDaemon 8.5
java_class_path (initial): D:\gradle\gradle-8.5\lib\gradle-launcher-8.5.jar
Launcher Type: SUN_STANDARD

[Global flags]
     intx CICompilerCount                          = 12                                        {product} {ergonomic}
     uint ConcGCThreads                            = 3                                         {product} {ergonomic}
     uint G1ConcRefinementThreads                  = 13                                        {product} {ergonomic}
   size_t G1HeapRegionSize                         = 1048576                                   {product} {ergonomic}
    uintx GCDrainStackTargetSize                   = 64                                        {product} {ergonomic}
   size_t InitialHeapSize                          = 264241152                                 {product} {ergonomic}
   size_t MarkStackSize                            = 4194304                                   {product} {ergonomic}
   size_t MaxHeapSize                              = 2147483648                                {product} {command line}
   size_t MaxNewSize                               = 1287651328                                {product} {ergonomic}
   size_t MinHeapDeltaBytes                        = 1048576                                   {product} {ergonomic}
   size_t MinHeapSize                              = 8388608                                   {product} {ergonomic}
    uintx NonNMethodCodeHeapSize                   = 7602480                                {pd product} {ergonomic}
    uintx NonProfiledCodeHeapSize                  = 122027880                              {pd product} {ergonomic}
    uintx ProfiledCodeHeapSize                     = 122027880                              {pd product} {ergonomic}
    uintx ReservedCodeCacheSize                    = 251658240                              {pd product} {ergonomic}
     bool SegmentedCodeCache                       = true                                      {product} {ergonomic}
   size_t SoftMaxHeapSize                          = 2147483648                             {manageable} {ergonomic}
     bool UseCompressedClassPointers               = true                           {product lp64_product} {ergonomic}
     bool UseCompressedOops                        = true                           {product lp64_product} {ergonomic}
     bool UseG1GC                                  = true                                      {product} {ergonomic}
     bool UseLargePagesIndividualAllocation        = false                                  {pd product} {ergonomic}

Logging:
Log output configuration:
 #0: stdout all=warning uptime,level,tags foldmultilines=false
 #1: stderr all=off uptime,level,tags foldmultilines=false

Environment Variables:
JAVA_HOME=D:\jdk20
PATH=C:\Program Files\Common Files\Oracle\Java\javapath;D:\vm17\bin\;C:\Windows\system32;C:\Windows;C:\Windows\System32\Wbem;C:\Windows\System32\WindowsPowerShell\v1.0\;C:\Windows\System32\OpenSSH\;C:\Program Files (x86)\NVIDIA Corporation\PhysX\Common;C:\Program Files\NVIDIA Corporation\NVIDIA NvDLISR;D:\mysql-8.0.33-winx64\bin;D:\jdk20\bin;D:\apache-maven-3.9.4\bin;D:\mysqlfile\bin;D:\xshell\;D:\xftp\;D:\nodejs\;D:\Git\cmd;D:\ffmpeg-6.0-full_build\bin;D:\gradle\gradle-8.5\bin;C:\Users\27892\AppData\Local\Microsoft\WindowsApps;;D:\intellij\IntelliJ IDEA Community Edition 2023.1.2\bin;;D:\Microsoft VS Code\bin;C:\Users\27892\AppData\Roaming\npm
USERNAME=27892
OS=Windows_NT
PROCESSOR_IDENTIFIER=Intel64 Family 6 Model 154 Stepping 3, GenuineIntel
TMP=C:\Users\27892\AppData\Local\Temp
TEMP=C:\Users\27892\AppData\Local\Temp




---------------  S Y S T E M  ---------------

OS:
 Windows 11 , 64 bit Build 22621 (10.0.22621.3374)
OS uptime: 3 days 20:39 hours

CPU: total 16 (initial active 16) (8 cores per cpu, 2 threads per core) family 6 model 154 stepping 3 microcode 0x424, cx8, cmov, fxsr, ht, mmx, 3dnowpref, sse, sse2, sse3, ssse3, sse4.1, sse4.2, popcnt, lzcnt, tsc, tscinvbit, avx, avx2, aes, erms, clmul, bmi1, bmi2, adx, sha, fma, vzeroupper, clflush, clflushopt, clwb, serialize, rdtscp, rdpid, fsrm, f16c, pku, cet_ibt, cet_ss

Memory: 4k page, system-wide physical 16115M (1018M free)
TotalPageFile size 28916M (AvailPageFile size 0M)
current process WorkingSet (physical memory assigned to process): 312M, peak: 328M
current process commit charge ("private bytes"): 368M, peak: 478M

vm_info: Java HotSpot(TM) 64-Bit Server VM (20.0.1+9-29) for windows-amd64 JRE (20.0.1+9-29), built on 2023-03-07T13:56:11Z by "mach5one" with MS VC++ 17.1 (VS2022)

END.
