#
# There is insufficient memory for the Java Runtime Environment to continue.
# Native memory allocation (mmap) failed to map 264241152 bytes for G1 virtual space
# Possible reasons:
#   The system is out of physical RAM or swap space
#   The process is running with CompressedOops enabled, and the Java Heap may be blocking the growth of the native heap
# Possible solutions:
#   Reduce memory load on the system
#   Increase physical memory or swap space
#   Check if swap backing store is full
#   Decrease Java heap size (-Xmx/-Xms)
#   Decrease number of Java threads
#   Decrease Java thread stack sizes (-Xss)
#   Set larger code cache with -XX:ReservedCodeCacheSize=
#   JVM is running with Zero Based Compressed Oops mode in which the Java heap is
#     placed in the first 32GB address space. The Java Heap base address is the
#     maximum limit for the native heap growth. Please use -XX:HeapBaseMinAddress
#     to set the Java Heap base and to place the Java Heap above 32GB virtual address.
# This output file may be truncated or incomplete.
#
#  Out of Memory Error (os_windows.cpp:3528), pid=5796, tid=24772
#
# JRE version:  (20.0.1+9) (build )
# Java VM: Java HotSpot(TM) 64-Bit Server VM (20.0.1+9-29, mixed mode, sharing, tiered, compressed oops, compressed class ptrs, g1 gc, windows-amd64)
# No core dump will be written. Minidumps are not enabled by default on client versions of Windows
#

---------------  S U M M A R Y ------------

Command Line: org.jetbrains.kotlin.cli.jvm.K2JVMCompiler @D:\p\takeoutApp\app\build\20240511_814128241402049203.compiler.options

Host: 12th Gen Intel(R) Core(TM) i7-12650H, 16 cores, 15G,  Windows 11 , 64 bit Build 22621 (10.0.22621.3374)
Time: Sat May 11 16:03:25 2024  Windows 11 , 64 bit Build 22621 (10.0.22621.3374) elapsed time: 0.009267 seconds (0d 0h 0m 0s)

---------------  T H R E A D  ---------------

Current thread (0x000001ef07c0dff0):  JavaThread "Unknown thread" [_thread_in_vm, id=24772, stack(0x00000060a4f00000,0x00000060a5000000)]

Stack: [0x00000060a4f00000,0x00000060a5000000]
Native frames: (J=compiled Java code, j=interpreted, Vv=VM code, C=native code)
V  [jvm.dll+0x6bb95a]
V  [jvm.dll+0x8485fa]
V  [jvm.dll+0x84a1f5]
V  [jvm.dll+0x84a8f3]
V  [jvm.dll+0x280b0f]
V  [jvm.dll+0x6b86e9]
V  [jvm.dll+0x6ad2da]
V  [jvm.dll+0x35adf5]
V  [jvm.dll+0x363016]
V  [jvm.dll+0x3b3b3e]
V  [jvm.dll+0x3b3dc5]
V  [jvm.dll+0x32b50a]
V  [jvm.dll+0x32c32b]
V  [jvm.dll+0x8112bf]
V  [jvm.dll+0x3c0d91]
V  [jvm.dll+0x7fcfe3]
V  [jvm.dll+0x44c76f]
V  [jvm.dll+0x44e0e1]
C  [jli.dll+0x5287]
C  [ucrtbase.dll+0x29333]
C  [KERNEL32.DLL+0x1257d]
C  [ntdll.dll+0x5aa48]


---------------  P R O C E S S  ---------------

Threads class SMR info:
_java_thread_list=0x00007ffd11b0a098, length=0, elements={
}

Java Threads: ( => current thread )

Other Threads:
  0x000001ef07e03f90 WorkerThread "GC Thread#0" [stack: 0x00000060a5000000,0x00000060a5100000] [id=19812]
  0x000001ef07e14c10 ConcurrentGCThread "G1 Main Marker" [stack: 0x00000060a5100000,0x00000060a5200000] [id=26876]
  0x000001ef07e15de0 WorkerThread "G1 Conc#0" [stack: 0x00000060a5200000,0x00000060a5300000] [id=18260]

[error occurred during error reporting (printing all threads), id 0xc0000005, EXCEPTION_ACCESS_VIOLATION (0xc0000005) at pc=0x00007ffd112eeb47]
VM state: not at safepoint (not fully initialized)

VM Mutex/Monitor currently owned by a thread:  ([mutex/lock_event])
[0x000001ef07c0a380] Heap_lock - owner thread: 0x000001ef07c0dff0

Heap address: 0x0000000704200000, size: 4030 MB, Compressed Oops mode: Zero based, Oop shift amount: 3

CDS archive(s) mapped at: [0x0000000000000000-0x0000000000000000-0x0000000000000000), size 0, SharedBaseAddress: 0x0000000800000000, ArchiveRelocationMode: 0.
Narrow klass base: 0x0000000000000000, Narrow klass shift: 0, Narrow klass range: 0x0

GC Precious Log:
 CardTable entry size: 512
 Card Set container configuration: InlinePtr #cards 4 size 8 Array Of Cards #cards 16 size 48 Howl #buckets 8 coarsen threshold 3686 Howl Bitmap #cards 512 size 80 coarsen threshold 460 Card regions per heap region 1 cards per card region 4096

Heap:
 garbage-first heap   total 0K, used 0K [0x0000000704200000, 0x0000000800000000)
  region size 2048K, 0 young (0K), 0 survivors (0K)

[error occurred during error reporting (printing heap information), id 0xc0000005, EXCEPTION_ACCESS_VIOLATION (0xc0000005) at pc=0x00007ffd116c3c59]
GC Heap History (0 events):
No events

Dll operation events (1 events):
Event: 0.006 Loaded shared library D:\jdk20\bin\java.dll

Deoptimization events (0 events):
No events

Classes loaded (0 events):
No events

Classes unloaded (0 events):
No events

Classes redefined (0 events):
No events

Internal exceptions (0 events):
No events

VM Operations (0 events):
No events

Events (0 events):
No events


Dynamic libraries:
0x00007ff6bfe50000 - 0x00007ff6bfe60000 	D:\jdk20\bin\java.exe
0x00007ffd73870000 - 0x00007ffd73a86000 	C:\Windows\SYSTEM32\ntdll.dll
0x00007ffd72590000 - 0x00007ffd72654000 	C:\Windows\System32\KERNEL32.DLL
0x00007ffd711f0000 - 0x00007ffd71597000 	C:\Windows\System32\KERNELBASE.dll
0x00007ffd70d00000 - 0x00007ffd70e11000 	C:\Windows\System32\ucrtbase.dll
0x00007ffd5bc60000 - 0x00007ffd5bc79000 	D:\jdk20\bin\jli.dll
0x00007ffd69490000 - 0x00007ffd694ab000 	D:\jdk20\bin\VCRUNTIME140.dll
0x00007ffd72660000 - 0x00007ffd72712000 	C:\Windows\System32\ADVAPI32.dll
0x00007ffd72ea0000 - 0x00007ffd72f47000 	C:\Windows\System32\msvcrt.dll
0x00007ffd71ee0000 - 0x00007ffd71f88000 	C:\Windows\System32\sechost.dll
0x00007ffd70c10000 - 0x00007ffd70c38000 	C:\Windows\System32\bcrypt.dll
0x00007ffd71f90000 - 0x00007ffd720a5000 	C:\Windows\System32\RPCRT4.dll
0x00007ffd720b0000 - 0x00007ffd7225e000 	C:\Windows\System32\USER32.dll
0x00007ffd70f40000 - 0x00007ffd70f66000 	C:\Windows\System32\win32u.dll
0x00007ffd57d60000 - 0x00007ffd57ff3000 	C:\Windows\WinSxS\amd64_microsoft.windows.common-controls_6595b64144ccf1df_6.0.22621.3235_none_270f74e173860f98\COMCTL32.dll
0x00007ffd72310000 - 0x00007ffd72339000 	C:\Windows\System32\GDI32.dll
0x00007ffd70e20000 - 0x00007ffd70f39000 	C:\Windows\System32\gdi32full.dll
0x00007ffd70fe0000 - 0x00007ffd7107a000 	C:\Windows\System32\msvcp_win.dll
0x00007ffd68860000 - 0x00007ffd6886a000 	C:\Windows\SYSTEM32\VERSION.dll
0x00007ffd72df0000 - 0x00007ffd72e21000 	C:\Windows\System32\IMM32.DLL
0x00007ffd6b2e0000 - 0x00007ffd6b2ec000 	D:\jdk20\bin\vcruntime140_1.dll
0x00007ffd4b640000 - 0x00007ffd4b6ce000 	D:\jdk20\bin\msvcp140.dll
0x00007ffd10fb0000 - 0x00007ffd11c47000 	D:\jdk20\bin\server\jvm.dll
0x00007ffd6da60000 - 0x00007ffd6da69000 	C:\Windows\SYSTEM32\WSOCK32.dll
0x00007ffd69040000 - 0x00007ffd69074000 	C:\Windows\SYSTEM32\WINMM.dll
0x00007ffd72d70000 - 0x00007ffd72de1000 	C:\Windows\System32\WS2_32.dll
0x00007ffd6fcc0000 - 0x00007ffd6fcd8000 	C:\Windows\SYSTEM32\kernel.appcore.dll
0x00007ffd6a990000 - 0x00007ffd6a99a000 	D:\jdk20\bin\jimage.dll
0x00007ffd6e400000 - 0x00007ffd6e633000 	C:\Windows\SYSTEM32\DBGHELP.DLL
0x00007ffd73260000 - 0x00007ffd735e8000 	C:\Windows\System32\combase.dll
0x00007ffd71e00000 - 0x00007ffd71ed7000 	C:\Windows\System32\OLEAUT32.dll
0x00007ffd54080000 - 0x00007ffd540b2000 	C:\Windows\SYSTEM32\dbgcore.DLL
0x00007ffd70b90000 - 0x00007ffd70c09000 	C:\Windows\System32\bcryptPrimitives.dll
0x00007ffd5b600000 - 0x00007ffd5b626000 	D:\jdk20\bin\java.dll

dbghelp: loaded successfully - version: 4.0.5 - missing functions: none
symbol engine: initialized successfully - sym options: 0x614 - pdb path: .;D:\jdk20\bin;C:\Windows\SYSTEM32;C:\Windows\WinSxS\amd64_microsoft.windows.common-controls_6595b64144ccf1df_6.0.22621.3235_none_270f74e173860f98;D:\jdk20\bin\server

VM Arguments:
java_command: org.jetbrains.kotlin.cli.jvm.K2JVMCompiler @D:\p\takeoutApp\app\build\20240511_814128241402049203.compiler.options
java_class_path (initial): D:\gradle\repository\caches\modules-2\files-2.1\org.jetbrains.kotlin\kotlin-compiler-embeddable\1.9.0\2c8c3a7402becca891f12739b3e9fd2dc2adbd7a\kotlin-compiler-embeddable-1.9.0.jar;D:\gradle\repository\caches\modules-2\files-2.1\org.jetbrains.kotlin\kotlin-stdlib\1.9.0\8ee15ef0c67dc83d874f412d84378d7f0eb50b63\kotlin-stdlib-1.9.0.jar;D:\gradle\repository\caches\modules-2\files-2.1\org.jetbrains.kotlin\kotlin-script-runtime\1.9.0\4b3102cbbb7e1b58d9d1adf89563f00069ffa7d1\kotlin-script-runtime-1.9.0.jar;D:\gradle\repository\caches\modules-2\files-2.1\org.jetbrains.kotlin\kotlin-reflect\1.6.10\1cbe9c92c12a94eea200d23c2bbaedaf3daf5132\kotlin-reflect-1.6.10.jar;D:\gradle\repository\caches\modules-2\files-2.1\org.jetbrains.kotlin\kotlin-daemon-embeddable\1.9.0\186543f5e28cf8d9a0290fecc2cf34301c40a65c\kotlin-daemon-embeddable-1.9.0.jar;D:\gradle\repository\caches\modules-2\files-2.1\org.jetbrains.intellij.deps\trove4j\1.0.20200330\3afb14d5f9ceb459d724e907a21145e8ff394f02\trove4j-1.0.20200330.jar;D:\gradle\repository\caches\modules-2\files-2.1\org.jetbrains.kotlin\kotlin-stdlib-common\1.9.0\cd65c21cfd1eec4d44ef09f9f52b6d9f8a720636\kotlin-stdlib-common-1.9.0.jar;D:\gradle\repository\caches\modules-2\files-2.1\org.jetbrains\annotations\13.0\919f0dfe192fb4e063e7dacadee7f8bb9a2672a9\annotations-13.0.jar
Launcher Type: SUN_STANDARD

[Global flags]
     intx CICompilerCount                          = 12                                        {product} {ergonomic}
     uint ConcGCThreads                            = 3                                         {product} {ergonomic}
     uint G1ConcRefinementThreads                  = 13                                        {product} {ergonomic}
   size_t G1HeapRegionSize                         = 2097152                                   {product} {ergonomic}
    uintx GCDrainStackTargetSize                   = 64                                        {product} {ergonomic}
   size_t InitialHeapSize                          = 264241152                                 {product} {ergonomic}
   size_t MarkStackSize                            = 4194304                                   {product} {ergonomic}
   size_t MaxHeapSize                              = 4225761280                                {product} {ergonomic}
   size_t MinHeapDeltaBytes                        = 2097152                                   {product} {ergonomic}
   size_t MinHeapSize                              = 8388608                                   {product} {ergonomic}
    uintx NonNMethodCodeHeapSize                   = 7602480                                {pd product} {ergonomic}
    uintx NonProfiledCodeHeapSize                  = 122027880                              {pd product} {ergonomic}
    uintx ProfiledCodeHeapSize                     = 122027880                              {pd product} {ergonomic}
    uintx ReservedCodeCacheSize                    = 251658240                              {pd product} {ergonomic}
     bool SegmentedCodeCache                       = true                                      {product} {ergonomic}
   size_t SoftMaxHeapSize                          = 4225761280                             {manageable} {ergonomic}
     bool UseCompressedClassPointers               = true                           {product lp64_product} {ergonomic}
     bool UseCompressedOops                        = true                           {product lp64_product} {ergonomic}
     bool UseG1GC                                  = true                                      {product} {ergonomic}
     bool UseLargePagesIndividualAllocation        = false                                  {pd product} {ergonomic}

Logging:
Log output configuration:
 #0: stdout all=warning uptime,level,tags foldmultilines=false
 #1: stderr all=off uptime,level,tags foldmultilines=false

Environment Variables:
JAVA_HOME=D:\jdk20
PATH=C:\Program Files\Common Files\Oracle\Java\javapath;D:\vm17\bin\;C:\Windows\system32;C:\Windows;C:\Windows\System32\Wbem;C:\Windows\System32\WindowsPowerShell\v1.0\;C:\Windows\System32\OpenSSH\;C:\Program Files (x86)\NVIDIA Corporation\PhysX\Common;C:\Program Files\NVIDIA Corporation\NVIDIA NvDLISR;D:\mysql-8.0.33-winx64\bin;D:\jdk20\bin;D:\apache-maven-3.9.4\bin;D:\mysqlfile\bin;D:\xshell\;D:\xftp\;D:\nodejs\;D:\Git\cmd;D:\ffmpeg-6.0-full_build\bin;D:\gradle\gradle-8.5\bin;C:\Users\27892\AppData\Local\Microsoft\WindowsApps;;D:\intellij\IntelliJ IDEA Community Edition 2023.1.2\bin;;D:\Microsoft VS Code\bin;C:\Users\27892\AppData\Roaming\npm
USERNAME=27892
OS=Windows_NT
PROCESSOR_IDENTIFIER=Intel64 Family 6 Model 154 Stepping 3, GenuineIntel
TMP=C:\Users\27892\AppData\Local\Temp
TEMP=C:\Users\27892\AppData\Local\Temp




---------------  S Y S T E M  ---------------

OS:
 Windows 11 , 64 bit Build 22621 (10.0.22621.3374)
OS uptime: 3 days 20:40 hours

CPU: total 16 (initial active 16) (8 cores per cpu, 2 threads per core) family 6 model 154 stepping 3 microcode 0x424, cx8, cmov, fxsr, ht, mmx, 3dnowpref, sse, sse2, sse3, ssse3, sse4.1, sse4.2, popcnt, lzcnt, tsc, tscinvbit, avx, avx2, aes, erms, clmul, bmi1, bmi2, adx, sha, fma, vzeroupper, clflush, clflushopt, clwb, serialize, rdtscp, rdpid, fsrm, f16c, pku, cet_ibt, cet_ss

Memory: 4k page, system-wide physical 16115M (893M free)
TotalPageFile size 28916M (AvailPageFile size 130M)
current process WorkingSet (physical memory assigned to process): 11M, peak: 11M
current process commit charge ("private bytes"): 71M, peak: 322M

vm_info: Java HotSpot(TM) 64-Bit Server VM (20.0.1+9-29) for windows-amd64 JRE (20.0.1+9-29), built on 2023-03-07T13:56:11Z by "mach5one" with MS VC++ 17.1 (VS2022)

END.
